2025-06-13 21:06:23.016 +05:30 [INF] MQTT client connected successfully
2025-06-13 21:06:23.064 +05:30 [INF] Connected to MQTT broker and subscribed to factory topics
2025-06-13 21:06:23.121 +05:30 [INF] Now listening on: http://localhost:5085
2025-06-13 21:06:23.123 +05:30 [INF] Application started. Press Ctrl+C to shut down.
2025-06-13 21:06:23.123 +05:30 [INF] Hosting environment: Development
2025-06-13 21:06:23.124 +05:30 [INF] Content root path: D:\Files\.NET\FactoryPulse\FactoryPulse-Core
2025-06-13 21:06:45.136 +05:30 [INF] Request starting HTTP/1.1 GET http://localhost:5085/ - null null
2025-06-13 21:06:45.198 +05:30 [INF] Incoming Request: GET /
2025-06-13 21:06:45.209 +05:30 [INF] Response Status: 404
2025-06-13 21:06:45.222 +05:30 [INF] Request finished HTTP/1.1 GET http://localhost:5085/ - 404 0 null 88.8552ms
2025-06-13 21:06:45.248 +05:30 [INF] Request reached the end of the middleware pipeline without being handled by application code. Request path: GET http://localhost:5085/, Response status code: 404
2025-06-13 21:06:50.382 +05:30 [INF] Request starting HTTP/1.1 GET http://localhost:5085/sensors - null null
2025-06-13 21:06:50.387 +05:30 [INF] Incoming Request: GET /sensors
2025-06-13 21:06:50.390 +05:30 [INF] Executing endpoint 'HTTP: GET sensors/'
2025-06-13 21:06:50.402 +05:30 [INF] Write content with HTTP Response ContentType of text/html
2025-06-13 21:06:50.404 +05:30 [INF] Executed endpoint 'HTTP: GET sensors/'
2025-06-13 21:06:50.407 +05:30 [INF] Response Status: 200
2025-06-13 21:06:50.409 +05:30 [INF] Request finished HTTP/1.1 GET http://localhost:5085/sensors - 200 4025 text/html 27.9266ms
2025-06-13 21:06:50.726 +05:30 [INF] Request starting HTTP/1.1 POST http://localhost:5085/sensorHub/negotiate?negotiateVersion=1 - null 0
2025-06-13 21:06:50.729 +05:30 [INF] Incoming Request: POST /sensorHub/negotiate
2025-06-13 21:06:50.734 +05:30 [INF] CORS policy execution failed.
2025-06-13 21:06:50.735 +05:30 [INF] Request origin http://localhost:5085 does not have permission to access the resource.
2025-06-13 21:06:50.738 +05:30 [INF] Executing endpoint '/sensorHub/negotiate'
2025-06-13 21:06:50.746 +05:30 [INF] Executed endpoint '/sensorHub/negotiate'
2025-06-13 21:06:50.748 +05:30 [INF] Response Status: 200
2025-06-13 21:06:50.749 +05:30 [INF] Request finished HTTP/1.1 POST http://localhost:5085/sensorHub/negotiate?negotiateVersion=1 - 200 316 application/json 22.9239ms
2025-06-13 21:06:50.754 +05:30 [INF] Request starting HTTP/1.1 GET http://localhost:5085/favicon.ico - null null
2025-06-13 21:06:50.756 +05:30 [INF] Request starting HTTP/1.1 GET http://localhost:5085/sensorHub?id=nBxfUd_yv8V6txAdU2I39w - null null
2025-06-13 21:06:50.756 +05:30 [INF] Incoming Request: GET /favicon.ico
2025-06-13 21:06:50.761 +05:30 [INF] Incoming Request: GET /sensorHub
2025-06-13 21:06:50.763 +05:30 [INF] Response Status: 404
2025-06-13 21:06:50.764 +05:30 [INF] CORS policy execution failed.
2025-06-13 21:06:50.764 +05:30 [INF] Request finished HTTP/1.1 GET http://localhost:5085/favicon.ico - 404 0 null 10.7878ms
2025-06-13 21:06:50.765 +05:30 [INF] Request origin http://localhost:5085 does not have permission to access the resource.
2025-06-13 21:06:50.773 +05:30 [INF] Request reached the end of the middleware pipeline without being handled by application code. Request path: GET http://localhost:5085/favicon.ico, Response status code: 404
2025-06-13 21:06:50.775 +05:30 [INF] Executing endpoint '/sensorHub'
2025-06-13 21:09:02.116 +05:30 [INF] Application is shutting down...
2025-06-13 21:09:02.134 +05:30 [INF] Connection id "0HNDAI0D5QRA8", Request id "0HNDAI0D5QRA8:00000001": the application aborted the connection.
2025-06-13 21:09:02.189 +05:30 [INF] Executed endpoint '/sensorHub'
2025-06-13 21:09:02.199 +05:30 [INF] Response Status: 101
2025-06-13 21:09:02.204 +05:30 [INF] Request finished HTTP/1.1 GET http://localhost:5085/sensorHub?id=nBxfUd_yv8V6txAdU2I39w - 101 null null 131447.755ms
2025-06-13 21:09:22.013 +05:30 [INF] MQTT client connected successfully
2025-06-13 21:09:22.066 +05:30 [INF] Connected to MQTT broker and subscribed to factory topics
2025-06-13 21:09:22.096 +05:30 [INF] Now listening on: http://localhost:5085
2025-06-13 21:09:22.098 +05:30 [INF] Application started. Press Ctrl+C to shut down.
2025-06-13 21:09:22.099 +05:30 [INF] Hosting environment: Development
2025-06-13 21:09:22.099 +05:30 [INF] Content root path: D:\Files\.NET\FactoryPulse\FactoryPulse-Core
2025-06-13 21:44:37.157 +05:30 [INF] Request starting HTTP/1.1 GET http://localhost:5085/ - null null
2025-06-13 21:44:37.173 +05:30 [INF] Incoming Request: GET /
2025-06-13 21:44:37.176 +05:30 [INF] Response Status: 404
2025-06-13 21:44:37.180 +05:30 [INF] Request finished HTTP/1.1 GET http://localhost:5085/ - 404 0 null 24.457ms
2025-06-13 21:44:37.196 +05:30 [INF] Request reached the end of the middleware pipeline without being handled by application code. Request path: GET http://localhost:5085/, Response status code: 404
2025-06-13 21:44:44.035 +05:30 [INF] Request starting HTTP/1.1 GET http://localhost:5085/sensors - null null
2025-06-13 21:44:44.054 +05:30 [INF] Incoming Request: GET /sensors
2025-06-13 21:44:44.061 +05:30 [INF] Executing endpoint 'HTTP: GET sensors/'
2025-06-13 21:44:44.068 +05:30 [INF] Write content with HTTP Response ContentType of text/html
2025-06-13 21:44:44.072 +05:30 [INF] Executed endpoint 'HTTP: GET sensors/'
2025-06-13 21:44:44.074 +05:30 [INF] Response Status: 200
2025-06-13 21:44:44.076 +05:30 [INF] Request finished HTTP/1.1 GET http://localhost:5085/sensors - 200 4025 text/html 42.5725ms
2025-06-13 21:44:44.389 +05:30 [INF] Request starting HTTP/1.1 POST http://localhost:5085/sensorHub/negotiate?negotiateVersion=1 - null 0
2025-06-13 21:44:44.397 +05:30 [INF] Incoming Request: POST /sensorHub/negotiate
2025-06-13 21:44:44.406 +05:30 [INF] CORS policy execution failed.
2025-06-13 21:44:44.408 +05:30 [INF] Request origin http://localhost:5085 does not have permission to access the resource.
2025-06-13 21:44:44.414 +05:30 [INF] Executing endpoint '/sensorHub/negotiate'
2025-06-13 21:44:44.432 +05:30 [INF] Executed endpoint '/sensorHub/negotiate'
2025-06-13 21:44:44.434 +05:30 [INF] Response Status: 200
2025-06-13 21:44:44.436 +05:30 [INF] Request finished HTTP/1.1 POST http://localhost:5085/sensorHub/negotiate?negotiateVersion=1 - 200 316 application/json 47.0193ms
2025-06-13 21:44:44.441 +05:30 [INF] Request starting HTTP/1.1 GET http://localhost:5085/sensorHub?id=LEsqzkgbRsDPh9EDaIxIlw - null null
2025-06-13 21:44:44.447 +05:30 [INF] Incoming Request: GET /sensorHub
2025-06-13 21:44:44.449 +05:30 [INF] CORS policy execution failed.
2025-06-13 21:44:44.449 +05:30 [INF] Request origin http://localhost:5085 does not have permission to access the resource.
2025-06-13 21:44:44.451 +05:30 [INF] Executing endpoint '/sensorHub'
2025-06-13 21:44:54.661 +05:30 [INF] Request starting HTTP/1.1 GET http://localhost:5085/sensors/2 - null null
2025-06-13 21:44:54.665 +05:30 [INF] Incoming Request: GET /sensors/2
2025-06-13 21:44:54.667 +05:30 [INF] Response Status: 404
2025-06-13 21:44:54.670 +05:30 [INF] Request finished HTTP/1.1 GET http://localhost:5085/sensors/2 - 404 0 null 8.228ms
2025-06-13 21:44:54.674 +05:30 [INF] Request reached the end of the middleware pipeline without being handled by application code. Request path: GET http://localhost:5085/sensors/2, Response status code: 404
2025-06-13 21:44:54.724 +05:30 [INF] Executed endpoint '/sensorHub'
2025-06-13 21:44:54.725 +05:30 [INF] Response Status: 101
2025-06-13 21:44:54.728 +05:30 [INF] Request finished HTTP/1.1 GET http://localhost:5085/sensorHub?id=LEsqzkgbRsDPh9EDaIxIlw - 101 null null 10286.4269ms
2025-06-13 21:45:52.722 +05:30 [INF] Application is shutting down...
2025-06-13 21:46:13.156 +05:30 [INF] MQTT client connected successfully
2025-06-13 21:46:13.199 +05:30 [INF] Connected to MQTT broker and subscribed to factory topics
2025-06-13 21:46:13.231 +05:30 [INF] Now listening on: http://localhost:5085
2025-06-13 21:46:13.233 +05:30 [INF] Application started. Press Ctrl+C to shut down.
2025-06-13 21:46:13.234 +05:30 [INF] Hosting environment: Development
2025-06-13 21:46:13.236 +05:30 [INF] Content root path: D:\Files\.NET\FactoryPulse\FactoryPulse-Core
2025-06-13 21:46:17.370 +05:30 [INF] Request starting HTTP/1.1 GET http://localhost:5085/sensors/2 - null null
2025-06-13 21:46:17.386 +05:30 [INF] Incoming Request: GET /sensors/2
2025-06-13 21:46:17.390 +05:30 [INF] Response Status: 404
2025-06-13 21:46:17.395 +05:30 [INF] Request finished HTTP/1.1 GET http://localhost:5085/sensors/2 - 404 0 null 26.3957ms
2025-06-13 21:46:17.410 +05:30 [INF] Request reached the end of the middleware pipeline without being handled by application code. Request path: GET http://localhost:5085/sensors/2, Response status code: 404
2025-06-13 21:46:33.552 +05:30 [INF] Request starting HTTP/1.1 GET http://localhost:5085/sensors/2 - null null
2025-06-13 21:46:33.558 +05:30 [INF] Incoming Request: GET /sensors/2
2025-06-13 21:46:33.562 +05:30 [INF] Response Status: 404
2025-06-13 21:46:33.564 +05:30 [INF] Request finished HTTP/1.1 GET http://localhost:5085/sensors/2 - 404 0 null 12.461ms
2025-06-13 21:46:33.568 +05:30 [INF] Request reached the end of the middleware pipeline without being handled by application code. Request path: GET http://localhost:5085/sensors/2, Response status code: 404
2025-06-13 21:47:13.173 +05:30 [INF] Application is shutting down...
2025-06-13 21:47:37.139 +05:30 [INF] MQTT client connected successfully
2025-06-13 21:47:37.184 +05:30 [INF] Connected to MQTT broker and subscribed to factory topics
2025-06-13 21:47:37.214 +05:30 [INF] Now listening on: http://localhost:5085
2025-06-13 21:47:37.216 +05:30 [INF] Application started. Press Ctrl+C to shut down.
2025-06-13 21:47:37.216 +05:30 [INF] Hosting environment: Development
2025-06-13 21:47:37.217 +05:30 [INF] Content root path: D:\Files\.NET\FactoryPulse\FactoryPulse-Core
2025-06-13 21:47:40.951 +05:30 [INF] Request starting HTTP/1.1 GET http://localhost:5085/sensors/2 - null null
2025-06-13 21:47:40.967 +05:30 [INF] Request finished HTTP/1.1 GET http://localhost:5085/sensors/2 - 404 0 null 17.6415ms
2025-06-13 21:47:40.989 +05:30 [INF] Request reached the end of the middleware pipeline without being handled by application code. Request path: GET http://localhost:5085/sensors/2, Response status code: 404
2025-06-13 21:47:50.396 +05:30 [INF] Request starting HTTP/1.1 GET http://localhost:5085/sensors/2 - null null
2025-06-13 21:47:50.405 +05:30 [INF] Request finished HTTP/1.1 GET http://localhost:5085/sensors/2 - 404 0 null 10.2056ms
2025-06-13 21:47:50.411 +05:30 [INF] Request reached the end of the middleware pipeline without being handled by application code. Request path: GET http://localhost:5085/sensors/2, Response status code: 404
2025-06-13 21:47:54.016 +05:30 [INF] Application is shutting down...
2025-06-13 21:48:01.047 +05:30 [INF] MQTT client connected successfully
2025-06-13 21:48:01.093 +05:30 [INF] Connected to MQTT broker and subscribed to factory topics
2025-06-13 21:48:01.125 +05:30 [INF] Now listening on: http://localhost:5085
2025-06-13 21:48:01.128 +05:30 [INF] Application started. Press Ctrl+C to shut down.
2025-06-13 21:48:01.129 +05:30 [INF] Hosting environment: Development
2025-06-13 21:48:01.129 +05:30 [INF] Content root path: D:\Files\.NET\FactoryPulse\FactoryPulse-Core
2025-06-13 21:48:02.375 +05:30 [INF] Request starting HTTP/1.1 GET http://localhost:5085/sensors/2 - null null
2025-06-13 21:48:02.389 +05:30 [INF] Request finished HTTP/1.1 GET http://localhost:5085/sensors/2 - 404 0 null 15.5941ms
2025-06-13 21:48:02.416 +05:30 [INF] Request reached the end of the middleware pipeline without being handled by application code. Request path: GET http://localhost:5085/sensors/2, Response status code: 404
2025-06-13 21:48:08.484 +05:30 [INF] Request starting HTTP/1.1 GET http://localhost:5085/sensors/2 - null null
2025-06-13 21:48:08.494 +05:30 [INF] Request finished HTTP/1.1 GET http://localhost:5085/sensors/2 - 404 0 null 10.3808ms
2025-06-13 21:48:08.502 +05:30 [INF] Request reached the end of the middleware pipeline without being handled by application code. Request path: GET http://localhost:5085/sensors/2, Response status code: 404
