2025-06-13T15:39:24.7311468Z - machine1/temperature: 72.54
2025-06-13T15:39:24.7688266Z - machine1/vibration: 2.31
2025-06-13T15:39:24.7690973Z - machine1/pressure: 119.89
2025-06-13T15:39:24.7692538Z - machine1/humidity: 47.59
2025-06-13T15:39:24.7693832Z - machine1/rpm: 1442
2025-06-13T15:39:24.7695123Z - machine1/status: OK
2025-06-13T15:39:34.7336384Z - machine1/temperature: 98.72
2025-06-13T15:39:34.7360193Z - machine1/vibration: 3.06
2025-06-13T15:39:34.7373734Z - machine1/pressure: 62.10
2025-06-13T15:39:34.7385622Z - machine1/humidity: 68.68
2025-06-13T15:39:34.7396783Z - machine1/rpm: 655
2025-06-13T15:39:34.7401719Z - machine1/status: OK
2025-06-13T15:39:44.7421872Z - machine1/temperature: 88.20
2025-06-13T15:39:44.7446710Z - machine1/vibration: 2.91
2025-06-13T15:39:44.7448536Z - machine1/pressure: 70.25
2025-06-13T15:39:44.7449586Z - machine1/humidity: 48.18
2025-06-13T15:39:44.7450501Z - machine1/rpm: 2134
2025-06-13T15:39:44.7451439Z - machine1/status: OK
2025-06-13T15:39:54.7482350Z - machine1/temperature: 30.73
2025-06-13T15:39:54.7487325Z - machine1/vibration: 4.66
2025-06-13T15:39:54.7491413Z - machine1/pressure: 38.52
2025-06-13T15:39:54.7495022Z - machine1/humidity: 65.44
2025-06-13T15:39:54.7497991Z - machine1/rpm: 2618
2025-06-13T15:39:54.7500547Z - machine1/status: OK
2025-06-13T15:40:04.7518477Z - machine1/temperature: 55.61
2025-06-13T15:40:04.7531497Z - machine1/vibration: 2.00
2025-06-13T15:40:04.7553621Z - machine1/pressure: 33.95
2025-06-13T15:40:04.7579593Z - machine1/humidity: 50.32
2025-06-13T15:40:04.7600349Z - machine1/rpm: 2254
2025-06-13T15:40:04.7608844Z - machine1/status: OK
2025-06-13T15:40:14.7588596Z - machine1/temperature: 96.63
2025-06-13T15:40:14.7598492Z - machine1/vibration: 2.51
2025-06-13T15:40:14.7604149Z - machine1/pressure: 76.06
2025-06-13T15:40:14.7611138Z - machine1/humidity: 53.69
2025-06-13T15:40:14.7616139Z - machine1/rpm: 2774
2025-06-13T15:40:14.7620107Z - machine1/status: OK
2025-06-13T15:40:24.7723650Z - machine1/temperature: 42.25
2025-06-13T15:40:24.7808789Z - machine1/vibration: 3.17
2025-06-13T15:40:24.7849134Z - machine1/pressure: 45.81
2025-06-13T15:40:24.7869140Z - machine1/humidity: 39.12
2025-06-13T15:40:24.7895131Z - machine1/rpm: 588
2025-06-13T15:40:24.7916016Z - machine1/status: OK
2025-06-13T15:40:34.8005690Z - machine1/temperature: 98.35
2025-06-13T15:40:34.8018950Z - machine1/vibration: 0.34
2025-06-13T15:40:34.8041652Z - machine1/pressure: 51.76
2025-06-13T15:40:34.8050483Z - machine1/humidity: 32.68
2025-06-13T15:40:34.8056986Z - machine1/rpm: 2532
2025-06-13T15:40:34.8060427Z - machine1/status: OK
2025-06-13T15:40:44.8112423Z - machine1/temperature: 74.77
2025-06-13T15:40:44.8150983Z - machine1/vibration: 0.53
2025-06-13T15:40:44.8174726Z - machine1/pressure: 57.87
2025-06-13T15:40:44.8204568Z - machine1/humidity: 49.08
2025-06-13T15:40:44.8228680Z - machine1/rpm: 517
2025-06-13T15:40:44.8261982Z - machine1/status: OK
2025-06-13T15:40:54.8201316Z - machine1/temperature: 47.55
2025-06-13T15:40:54.8236215Z - machine1/vibration: 4.89
2025-06-13T15:40:54.8247051Z - machine1/pressure: 57.63
2025-06-13T15:40:54.8250177Z - machine1/humidity: 66.21
2025-06-13T15:40:54.8253003Z - machine1/rpm: 2911
2025-06-13T15:40:54.8257494Z - machine1/status: OK
2025-06-13T15:41:04.8306648Z - machine1/temperature: 94.19
2025-06-13T15:41:04.8321371Z - machine1/vibration: 0.98
2025-06-13T15:41:04.8348455Z - machine1/pressure: 66.70
2025-06-13T15:41:04.8366034Z - machine1/humidity: 39.92
2025-06-13T15:41:04.8378908Z - machine1/rpm: 741
2025-06-13T15:41:04.8384839Z - machine1/status: OK
2025-06-13T15:41:14.8391770Z - machine1/temperature: 54.15
2025-06-13T15:41:14.8398662Z - machine1/vibration: 0.57
2025-06-13T15:41:14.8403616Z - machine1/pressure: 113.03
2025-06-13T15:41:14.8407687Z - machine1/humidity: 23.33
2025-06-13T15:41:14.8410019Z - machine1/rpm: 1954
2025-06-13T15:41:14.8411599Z - machine1/status: OK
2025-06-13T15:41:24.8478040Z - machine1/temperature: 84.39
2025-06-13T15:41:24.8513737Z - machine1/vibration: 0.90
2025-06-13T15:41:24.8520478Z - machine1/pressure: 43.54
2025-06-13T15:41:24.8530059Z - machine1/humidity: 42.65
2025-06-13T15:41:24.8534992Z - machine1/rpm: 2683
2025-06-13T15:41:24.8538964Z - machine1/status: OK
2025-06-13T15:41:34.8589716Z - machine1/temperature: 56.47
2025-06-13T15:41:34.8631829Z - machine1/vibration: 0.29
2025-06-13T15:41:34.8648264Z - machine1/pressure: 75.95
2025-06-13T15:41:34.8661338Z - machine1/humidity: 66.17
2025-06-13T15:41:34.8671353Z - machine1/rpm: 841
2025-06-13T15:41:34.8681095Z - machine1/status: ERROR
2025-06-13T15:41:44.8750416Z - machine1/temperature: 26.77
2025-06-13T15:41:44.8777243Z - machine1/vibration: 4.58
2025-06-13T15:41:44.8798969Z - machine1/pressure: 93.74
2025-06-13T15:41:44.8819412Z - machine1/humidity: 57.87
2025-06-13T15:41:44.8845523Z - machine1/rpm: 1752
2025-06-13T15:41:44.8875597Z - machine1/status: OK
2025-06-13T15:41:54.8888166Z - machine1/temperature: 84.64
2025-06-13T15:41:54.8905334Z - machine1/vibration: 3.82
2025-06-13T15:41:54.8924198Z - machine1/pressure: 76.57
2025-06-13T15:41:54.8936027Z - machine1/humidity: 36.57
2025-06-13T15:41:54.8944229Z - machine1/rpm: 1922
2025-06-13T15:41:54.8951852Z - machine1/status: OK
2025-06-13T15:42:04.8999450Z - machine1/temperature: 56.70
2025-06-13T15:42:04.9010132Z - machine1/vibration: 1.23
2025-06-13T15:42:04.9013968Z - machine1/pressure: 107.54
2025-06-13T15:42:04.9021388Z - machine1/humidity: 71.61
2025-06-13T15:42:04.9028438Z - machine1/rpm: 2598
2025-06-13T15:42:04.9031563Z - machine1/status: OK
2025-06-13T15:42:14.9081157Z - machine1/temperature: 21.63
2025-06-13T15:42:14.9190265Z - machine1/vibration: 4.22
2025-06-13T15:42:14.9195592Z - machine1/pressure: 57.13
2025-06-13T15:42:14.9203273Z - machine1/humidity: 66.60
2025-06-13T15:42:14.9212337Z - machine1/rpm: 2512
2025-06-13T15:42:14.9219377Z - machine1/status: OK
2025-06-13T15:42:24.9219457Z - machine1/temperature: 78.02
2025-06-13T15:42:24.9241531Z - machine1/vibration: 2.26
2025-06-13T15:42:24.9275372Z - machine1/pressure: 95.90
2025-06-13T15:42:24.9293694Z - machine1/humidity: 34.33
2025-06-13T15:42:24.9305012Z - machine1/rpm: 745
2025-06-13T15:42:24.9313261Z - machine1/status: OK
2025-06-13T15:42:34.9380372Z - machine1/temperature: 78.45
2025-06-13T15:42:34.9407001Z - machine1/vibration: 4.95
2025-06-13T15:42:34.9416305Z - machine1/pressure: 39.68
2025-06-13T15:42:34.9420669Z - machine1/humidity: 26.00
2025-06-13T15:42:34.9425965Z - machine1/rpm: 2176
2025-06-13T15:42:34.9434629Z - machine1/status: OK
2025-06-13T15:42:44.9490207Z - machine1/temperature: 62.44
2025-06-13T15:42:44.9539745Z - machine1/vibration: 0.35
2025-06-13T15:42:44.9570926Z - machine1/pressure: 85.22
2025-06-13T15:42:44.9585997Z - machine1/humidity: 73.57
2025-06-13T15:42:44.9631004Z - machine1/rpm: 2663
2025-06-13T15:42:44.9661214Z - machine1/status: OK
2025-06-13T15:42:54.9707921Z - machine1/temperature: 43.93
2025-06-13T15:42:54.9724871Z - machine1/vibration: 2.95
2025-06-13T15:42:54.9736603Z - machine1/pressure: 31.45
2025-06-13T15:42:54.9754340Z - machine1/humidity: 50.62
2025-06-13T15:42:54.9759896Z - machine1/rpm: 2499
2025-06-13T15:42:54.9764978Z - machine1/status: OK
2025-06-13T15:43:04.9790765Z - machine1/temperature: 85.83
2025-06-13T15:43:04.9797552Z - machine1/vibration: 4.71
2025-06-13T15:43:04.9801787Z - machine1/pressure: 50.84
2025-06-13T15:43:04.9804925Z - machine1/humidity: 45.28
2025-06-13T15:43:04.9806804Z - machine1/rpm: 2548
2025-06-13T15:43:04.9808180Z - machine1/status: OK
2025-06-13T15:43:14.9834057Z - machine1/temperature: 78.43
2025-06-13T15:43:14.9842784Z - machine1/vibration: 3.57
2025-06-13T15:43:14.9851032Z - machine1/pressure: 61.02
2025-06-13T15:43:14.9856027Z - machine1/humidity: 29.93
2025-06-13T15:43:14.9860592Z - machine1/rpm: 1641
2025-06-13T15:43:14.9863735Z - machine1/status: WARN
2025-06-13T15:43:24.9927501Z - machine1/temperature: 51.35
2025-06-13T15:43:24.9952124Z - machine1/vibration: 2.01
2025-06-13T15:43:24.9968769Z - machine1/pressure: 87.26
2025-06-13T15:43:24.9973369Z - machine1/humidity: 71.95
2025-06-13T15:43:24.9981090Z - machine1/rpm: 1878
2025-06-13T15:43:24.9986377Z - machine1/status: OK
2025-06-13T15:43:35.0054103Z - machine1/temperature: 60.40
2025-06-13T15:43:35.0083502Z - machine1/vibration: 4.35
2025-06-13T15:43:35.0088046Z - machine1/pressure: 47.42
2025-06-13T15:43:35.0094772Z - machine1/humidity: 39.04
2025-06-13T15:43:35.0105784Z - machine1/rpm: 2025
2025-06-13T15:43:35.0108843Z - machine1/status: OK
2025-06-13T15:43:45.0138238Z - machine1/temperature: 98.09
2025-06-13T15:43:45.0155704Z - machine1/vibration: 1.90
2025-06-13T15:43:45.0163149Z - machine1/pressure: 39.96
2025-06-13T15:43:45.0169695Z - machine1/humidity: 28.89
2025-06-13T15:43:45.0178919Z - machine1/rpm: 556
2025-06-13T15:43:45.0185107Z - machine1/status: OK
2025-06-13T15:43:55.0258215Z - machine1/temperature: 94.68
2025-06-13T15:43:55.0314675Z - machine1/vibration: 0.41
2025-06-13T15:43:55.0321234Z - machine1/pressure: 33.82
2025-06-13T15:43:55.0324393Z - machine1/humidity: 30.71
2025-06-13T15:43:55.0327551Z - machine1/rpm: 2952
2025-06-13T15:43:55.0332296Z - machine1/status: WARN
2025-06-13T15:44:05.0423269Z - machine1/temperature: 44.50
2025-06-13T15:44:05.0473965Z - machine1/vibration: 3.60
2025-06-13T15:44:05.0521506Z - machine1/pressure: 107.84
2025-06-13T15:44:05.0547471Z - machine1/humidity: 22.24
2025-06-13T15:44:05.0561304Z - machine1/rpm: 2305
2025-06-13T15:44:05.0574909Z - machine1/status: OK
2025-06-13T15:44:15.0580298Z - machine1/temperature: 36.83
2025-06-13T15:44:15.0638685Z - machine1/vibration: 4.84
2025-06-13T15:44:15.0652409Z - machine1/pressure: 49.18
2025-06-13T15:44:15.0657374Z - machine1/humidity: 49.73
2025-06-13T15:44:15.0661102Z - machine1/rpm: 2164
2025-06-13T15:44:15.0668364Z - machine1/status: OK
2025-06-13T15:44:25.0741654Z - machine1/temperature: 68.92
2025-06-13T15:44:25.0752240Z - machine1/vibration: 1.85
2025-06-13T15:44:25.0758249Z - machine1/pressure: 37.07
2025-06-13T15:44:25.0764247Z - machine1/humidity: 64.39
2025-06-13T15:44:25.0770168Z - machine1/rpm: 2180
2025-06-13T15:44:25.0773208Z - machine1/status: OK
2025-06-13T15:44:35.0881396Z - machine1/temperature: 35.77
2025-06-13T15:44:35.0890658Z - machine1/vibration: 3.56
2025-06-13T15:44:35.0898063Z - machine1/pressure: 97.13
2025-06-13T15:44:35.0901798Z - machine1/humidity: 53.91
2025-06-13T15:44:35.0907749Z - machine1/rpm: 1923
2025-06-13T15:44:35.0913498Z - machine1/status: OK
2025-06-13T15:44:45.0987754Z - machine1/temperature: 84.99
2025-06-13T15:44:45.1050029Z - machine1/vibration: 1.94
2025-06-13T15:44:45.1080365Z - machine1/pressure: 65.79
2025-06-13T15:44:45.1097165Z - machine1/humidity: 58.67
2025-06-13T15:44:45.1133593Z - machine1/rpm: 1087
2025-06-13T15:44:45.1145650Z - machine1/status: OK
2025-06-13T15:44:55.1162651Z - machine1/temperature: 28.10
2025-06-13T15:44:55.1185679Z - machine1/vibration: 2.90
2025-06-13T15:44:55.1201311Z - machine1/pressure: 50.35
2025-06-13T15:44:55.1218482Z - machine1/humidity: 26.91
2025-06-13T15:44:55.1237781Z - machine1/rpm: 2704
2025-06-13T15:44:55.1252656Z - machine1/status: ERROR
2025-06-13T15:45:05.1293958Z - machine1/temperature: 71.97
2025-06-13T15:45:05.1299253Z - machine1/vibration: 1.30
2025-06-13T15:45:05.1304020Z - machine1/pressure: 113.88
2025-06-13T15:45:05.1309748Z - machine1/humidity: 40.71
2025-06-13T15:45:05.1313358Z - machine1/rpm: 2055
2025-06-13T15:45:05.1318174Z - machine1/status: OK
2025-06-13T15:45:15.1353752Z - machine1/temperature: 86.02
2025-06-13T15:45:15.1366067Z - machine1/vibration: 0.64
2025-06-13T15:45:15.1373577Z - machine1/pressure: 52.95
2025-06-13T15:45:15.1379368Z - machine1/humidity: 32.03
2025-06-13T15:45:15.1384976Z - machine1/rpm: 2641
2025-06-13T15:45:15.1392223Z - machine1/status: OK
2025-06-13T15:45:25.1424481Z - machine1/temperature: 53.25
2025-06-13T15:45:25.1434627Z - machine1/vibration: 4.49
2025-06-13T15:45:25.1441255Z - machine1/pressure: 110.75
2025-06-13T15:45:25.1447987Z - machine1/humidity: 71.36
2025-06-13T15:45:25.1455823Z - machine1/rpm: 2084
2025-06-13T15:45:25.1463549Z - machine1/status: OK
2025-06-13T15:45:35.1502882Z - machine1/temperature: 60.43
2025-06-13T15:45:35.1510963Z - machine1/vibration: 2.69
2025-06-13T15:45:35.1515059Z - machine1/pressure: 116.72
2025-06-13T15:45:35.1518388Z - machine1/humidity: 31.27
2025-06-13T15:45:35.1521503Z - machine1/rpm: 1025
2025-06-13T15:45:35.1524358Z - machine1/status: OK
2025-06-13T15:45:45.1546178Z - machine1/temperature: 28.96
2025-06-13T15:45:45.1552562Z - machine1/vibration: 4.66
2025-06-13T15:45:45.1558034Z - machine1/pressure: 66.61
2025-06-13T15:45:45.1562233Z - machine1/humidity: 51.22
2025-06-13T15:45:45.1566321Z - machine1/rpm: 2154
2025-06-13T15:45:45.1569782Z - machine1/status: OK
2025-06-13T15:45:55.1588048Z - machine1/temperature: 36.63
2025-06-13T15:45:55.1602211Z - machine1/vibration: 0.80
2025-06-13T15:45:55.1612221Z - machine1/pressure: 81.03
2025-06-13T15:45:55.1628543Z - machine1/humidity: 66.58
2025-06-13T15:45:55.1640696Z - machine1/rpm: 2791
2025-06-13T15:45:55.1647384Z - machine1/status: OK
2025-06-13T15:46:05.1659909Z - machine1/temperature: 90.09
2025-06-13T15:46:05.1664964Z - machine1/vibration: 0.18
2025-06-13T15:46:05.1668139Z - machine1/pressure: 97.33
2025-06-13T15:46:05.1670139Z - machine1/humidity: 55.47
2025-06-13T15:46:05.1674059Z - machine1/rpm: 1775
2025-06-13T15:46:05.1677477Z - machine1/status: OK
2025-06-13T15:46:15.1775755Z - machine1/temperature: 60.32
2025-06-13T15:46:15.1801542Z - machine1/vibration: 1.30
2025-06-13T15:46:15.1812202Z - machine1/pressure: 57.71
2025-06-13T15:46:15.1816826Z - machine1/humidity: 63.47
2025-06-13T15:46:15.1820161Z - machine1/rpm: 1277
2025-06-13T15:46:15.1822656Z - machine1/status: OK
2025-06-13T15:46:25.1889537Z - machine1/temperature: 57.61
2025-06-13T15:46:25.1944716Z - machine1/vibration: 1.05
2025-06-13T15:46:25.1977486Z - machine1/pressure: 81.23
2025-06-13T15:46:25.1995029Z - machine1/humidity: 55.37
2025-06-13T15:46:25.2020307Z - machine1/rpm: 857
2025-06-13T15:46:25.2038195Z - machine1/status: OK
2025-06-13T15:46:35.2151184Z - machine1/temperature: 82.88
2025-06-13T15:46:35.2162412Z - machine1/vibration: 4.01
2025-06-13T15:46:35.2166811Z - machine1/pressure: 98.20
2025-06-13T15:46:35.2170133Z - machine1/humidity: 42.46
2025-06-13T15:46:35.2174983Z - machine1/rpm: 1954
2025-06-13T15:46:35.2177717Z - machine1/status: OK
2025-06-13T15:46:45.2276505Z - machine1/temperature: 71.89
2025-06-13T15:46:45.2335001Z - machine1/vibration: 1.52
2025-06-13T15:46:45.2360247Z - machine1/pressure: 119.01
2025-06-13T15:46:45.2383830Z - machine1/humidity: 24.27
2025-06-13T15:46:45.2440819Z - machine1/rpm: 699
2025-06-13T15:46:45.2454386Z - machine1/status: OK
2025-06-13T15:46:55.2461250Z - machine1/temperature: 95.70
2025-06-13T15:46:55.2468006Z - machine1/vibration: 4.13
2025-06-13T15:46:55.2474197Z - machine1/pressure: 47.14
2025-06-13T15:46:55.2479641Z - machine1/humidity: 60.53
2025-06-13T15:46:55.2486113Z - machine1/rpm: 1754
2025-06-13T15:46:55.2489612Z - machine1/status: WARN
2025-06-13T15:47:05.2510721Z - machine1/temperature: 79.06
2025-06-13T15:47:05.2515620Z - machine1/vibration: 3.38
2025-06-13T15:47:05.2522642Z - machine1/pressure: 72.00
2025-06-13T15:47:05.2528339Z - machine1/humidity: 77.87
2025-06-13T15:47:05.2531517Z - machine1/rpm: 1367
2025-06-13T15:47:05.2535450Z - machine1/status: OK
2025-06-13T15:47:15.2563585Z - machine1/temperature: 92.33
2025-06-13T15:47:15.2571358Z - machine1/vibration: 4.00
2025-06-13T15:47:15.2575236Z - machine1/pressure: 53.08
2025-06-13T15:47:15.2577971Z - machine1/humidity: 75.44
2025-06-13T15:47:15.2583059Z - machine1/rpm: 2008
2025-06-13T15:47:15.2586745Z - machine1/status: OK
2025-06-13T15:47:25.2612219Z - machine1/temperature: 87.69
2025-06-13T15:47:25.2622578Z - machine1/vibration: 0.68
2025-06-13T15:47:25.2627012Z - machine1/pressure: 99.46
2025-06-13T15:47:25.2632629Z - machine1/humidity: 22.17
2025-06-13T15:47:25.2638285Z - machine1/rpm: 2432
2025-06-13T15:47:25.2642728Z - machine1/status: OK
2025-06-13T15:47:35.2719494Z - machine1/temperature: 36.90
2025-06-13T15:47:35.2754865Z - machine1/vibration: 3.85
2025-06-13T15:47:35.2798323Z - machine1/pressure: 72.74
2025-06-13T15:47:35.2828543Z - machine1/humidity: 70.16
2025-06-13T15:47:35.2847332Z - machine1/rpm: 1943
2025-06-13T15:47:35.2854685Z - machine1/status: OK
2025-06-13T15:47:45.2885717Z - machine1/temperature: 46.45
2025-06-13T15:47:45.2930576Z - machine1/vibration: 1.81
2025-06-13T15:47:45.2952404Z - machine1/pressure: 66.25
2025-06-13T15:47:45.2966762Z - machine1/humidity: 53.11
2025-06-13T15:47:45.2986842Z - machine1/rpm: 815
2025-06-13T15:47:45.2999856Z - machine1/status: OK
2025-06-13T15:47:55.3069198Z - machine1/temperature: 88.61
2025-06-13T15:47:55.3098162Z - machine1/vibration: 3.86
2025-06-13T15:47:55.3125525Z - machine1/pressure: 112.53
2025-06-13T15:47:55.3145786Z - machine1/humidity: 56.01
2025-06-13T15:47:55.3177380Z - machine1/rpm: 1040
2025-06-13T15:47:55.3197208Z - machine1/status: OK
2025-06-13T15:48:05.3325707Z - machine1/temperature: 44.62
2025-06-13T15:48:05.3367934Z - machine1/vibration: 2.97
2025-06-13T15:48:05.3405214Z - machine1/pressure: 100.49
2025-06-13T15:48:05.3418548Z - machine1/humidity: 66.86
2025-06-13T15:48:05.3430205Z - machine1/rpm: 2977
2025-06-13T15:48:05.3441786Z - machine1/status: OK
2025-06-13T15:48:15.3554921Z - machine1/temperature: 98.38
2025-06-13T15:48:15.3570151Z - machine1/vibration: 4.85
2025-06-13T15:48:15.3586147Z - machine1/pressure: 65.57
2025-06-13T15:48:15.3604646Z - machine1/humidity: 33.67
2025-06-13T15:48:15.3613512Z - machine1/rpm: 1939
2025-06-13T15:48:15.3620136Z - machine1/status: WARN
2025-06-13T15:48:25.3700893Z - machine1/temperature: 37.61
2025-06-13T15:48:25.3705414Z - machine1/vibration: 4.70
2025-06-13T15:48:25.3709542Z - machine1/pressure: 108.13
2025-06-13T15:48:25.3716534Z - machine1/humidity: 34.12
2025-06-13T15:48:25.3723078Z - machine1/rpm: 1372
2025-06-13T15:48:25.3725519Z - machine1/status: OK
2025-06-13T15:48:35.3824727Z - machine1/temperature: 64.09
2025-06-13T15:48:35.3846262Z - machine1/vibration: 1.74
2025-06-13T15:48:35.3904641Z - machine1/pressure: 48.83
2025-06-13T15:48:35.3921683Z - machine1/humidity: 73.20
2025-06-13T15:48:35.3944434Z - machine1/rpm: 1652
2025-06-13T15:48:35.3950564Z - machine1/status: OK
2025-06-13T15:48:45.3965335Z - machine1/temperature: 99.20
2025-06-13T15:48:45.3987129Z - machine1/vibration: 0.34
2025-06-13T15:48:45.4007058Z - machine1/pressure: 109.10
2025-06-13T15:48:45.4017515Z - machine1/humidity: 37.46
2025-06-13T15:48:45.4027373Z - machine1/rpm: 2562
2025-06-13T15:48:45.4031525Z - machine1/status: OK
2025-06-13T15:48:55.4087372Z - machine1/temperature: 54.41
2025-06-13T15:48:55.4117627Z - machine1/vibration: 0.75
2025-06-13T15:48:55.4150716Z - machine1/pressure: 34.86
2025-06-13T15:48:55.4193647Z - machine1/humidity: 41.74
2025-06-13T15:48:55.4205948Z - machine1/rpm: 2518
2025-06-13T15:48:55.4220811Z - machine1/status: OK
2025-06-13T15:49:05.4272363Z - machine1/temperature: 20.52
2025-06-13T15:49:05.4307581Z - machine1/vibration: 3.68
2025-06-13T15:49:05.4323387Z - machine1/pressure: 52.39
2025-06-13T15:49:05.4339625Z - machine1/humidity: 79.79
2025-06-13T15:49:05.4353187Z - machine1/rpm: 2656
2025-06-13T15:49:05.4362089Z - machine1/status: OK
2025-06-13T15:49:15.4382344Z - machine1/temperature: 24.59
2025-06-13T15:49:15.4401827Z - machine1/vibration: 1.93
2025-06-13T15:49:15.4413653Z - machine1/pressure: 81.22
2025-06-13T15:49:15.4428901Z - machine1/humidity: 21.01
2025-06-13T15:49:15.4437212Z - machine1/rpm: 625
2025-06-13T15:49:15.4449907Z - machine1/status: WARN
2025-06-13T15:49:25.4533918Z - machine1/temperature: 65.66
2025-06-13T15:49:25.4556818Z - machine1/vibration: 3.96
2025-06-13T15:49:25.4602646Z - machine1/pressure: 110.31
2025-06-13T15:49:25.4625471Z - machine1/humidity: 24.69
2025-06-13T15:49:25.4643581Z - machine1/rpm: 2623
2025-06-13T15:49:25.4668741Z - machine1/status: OK
2025-06-13T15:49:35.4755152Z - machine1/temperature: 59.88
2025-06-13T15:49:35.4770488Z - machine1/vibration: 4.82
2025-06-13T15:49:35.4794489Z - machine1/pressure: 53.38
2025-06-13T15:49:35.4814055Z - machine1/humidity: 49.09
2025-06-13T15:49:35.4837036Z - machine1/rpm: 1893
2025-06-13T15:49:35.4860664Z - machine1/status: OK
2025-06-13T15:49:45.4920896Z - machine1/temperature: 27.08
2025-06-13T15:49:45.4943467Z - machine1/vibration: 3.14
2025-06-13T15:49:45.4968353Z - machine1/pressure: 59.29
2025-06-13T15:49:45.4977172Z - machine1/humidity: 38.33
2025-06-13T15:49:45.4982141Z - machine1/rpm: 1713
2025-06-13T15:49:45.4984553Z - machine1/status: ERROR
2025-06-13T15:49:55.5040734Z - machine1/temperature: 22.41
2025-06-13T15:49:55.5070525Z - machine1/vibration: 2.71
2025-06-13T15:49:55.5119750Z - machine1/pressure: 85.65
2025-06-13T15:49:55.5159788Z - machine1/humidity: 73.52
2025-06-13T15:49:55.5192689Z - machine1/rpm: 2223
2025-06-13T15:49:55.5213455Z - machine1/status: OK
2025-06-13T15:50:05.5234446Z - machine1/temperature: 73.15
2025-06-13T15:50:05.5251148Z - machine1/vibration: 1.25
2025-06-13T15:50:05.5265177Z - machine1/pressure: 75.02
2025-06-13T15:50:05.5281342Z - machine1/humidity: 50.84
2025-06-13T15:50:05.5313258Z - machine1/rpm: 2191
2025-06-13T15:50:05.5333397Z - machine1/status: OK
2025-06-13T15:50:15.5379553Z - machine1/temperature: 71.68
2025-06-13T15:50:15.5426911Z - machine1/vibration: 0.48
2025-06-13T15:50:15.5445677Z - machine1/pressure: 73.41
2025-06-13T15:50:15.5450490Z - machine1/humidity: 78.29
2025-06-13T15:50:15.5455786Z - machine1/rpm: 2433
2025-06-13T15:50:15.5459390Z - machine1/status: OK
2025-06-13T15:50:25.5560233Z - machine1/temperature: 78.40
2025-06-13T15:50:25.5628042Z - machine1/vibration: 0.43
2025-06-13T15:50:25.5657049Z - machine1/pressure: 79.97
2025-06-13T15:50:25.5683649Z - machine1/humidity: 71.75
2025-06-13T15:50:25.5715472Z - machine1/rpm: 2966
2025-06-13T15:50:25.5739976Z - machine1/status: OK
2025-06-13T15:50:35.5744008Z - machine1/temperature: 27.96
2025-06-13T15:50:35.5767764Z - machine1/vibration: 0.90
2025-06-13T15:50:35.5781018Z - machine1/pressure: 47.42
2025-06-13T15:50:35.5791705Z - machine1/humidity: 28.63
2025-06-13T15:50:35.5815330Z - machine1/rpm: 2430
2025-06-13T15:50:35.5823396Z - machine1/status: OK
2025-06-13T15:50:45.5834214Z - machine1/temperature: 76.71
2025-06-13T15:50:45.5842038Z - machine1/vibration: 2.95
2025-06-13T15:50:45.5846059Z - machine1/pressure: 85.25
2025-06-13T15:50:45.5847775Z - machine1/humidity: 76.41
2025-06-13T15:50:45.5848921Z - machine1/rpm: 1636
2025-06-13T15:50:45.5850892Z - machine1/status: OK
2025-06-13T15:50:55.5889119Z - machine1/temperature: 62.74
2025-06-13T15:50:55.5901699Z - machine1/vibration: 1.01
2025-06-13T15:50:55.5913780Z - machine1/pressure: 117.52
2025-06-13T15:50:55.5922794Z - machine1/humidity: 57.84
2025-06-13T15:50:55.5931885Z - machine1/rpm: 1492
2025-06-13T15:50:55.5936723Z - machine1/status: OK
2025-06-13T15:51:05.5955080Z - machine1/temperature: 80.70
2025-06-13T15:51:05.5960441Z - machine1/vibration: 4.65
2025-06-13T15:51:05.5966649Z - machine1/pressure: 113.22
2025-06-13T15:51:05.5973184Z - machine1/humidity: 28.41
2025-06-13T15:51:05.5977007Z - machine1/rpm: 595
2025-06-13T15:51:05.5979861Z - machine1/status: OK
2025-06-13T15:51:15.6009193Z - machine1/temperature: 56.01
2025-06-13T15:51:15.6020017Z - machine1/vibration: 2.10
2025-06-13T15:51:15.6030787Z - machine1/pressure: 70.94
2025-06-13T15:51:15.6044122Z - machine1/humidity: 41.23
2025-06-13T15:51:15.6048610Z - machine1/rpm: 2944
2025-06-13T15:51:15.6049998Z - machine1/status: OK
2025-06-13T15:51:25.6136057Z - machine1/temperature: 83.62
2025-06-13T15:51:25.6153135Z - machine1/vibration: 3.50
2025-06-13T15:51:25.6188358Z - machine1/pressure: 62.38
2025-06-13T15:51:25.6245783Z - machine1/humidity: 37.01
2025-06-13T15:51:25.6274853Z - machine1/rpm: 1824
2025-06-13T15:51:25.6294983Z - machine1/status: OK
2025-06-13T15:51:35.6311164Z - machine1/temperature: 20.07
2025-06-13T15:51:35.6349756Z - machine1/vibration: 0.63
2025-06-13T15:51:35.6381050Z - machine1/pressure: 101.78
2025-06-13T15:51:35.6384974Z - machine1/humidity: 64.57
2025-06-13T15:51:35.6387334Z - machine1/rpm: 1574
2025-06-13T15:51:35.6389074Z - machine1/status: OK
2025-06-13T15:51:45.6443552Z - machine1/temperature: 49.54
2025-06-13T15:51:45.6449842Z - machine1/vibration: 0.18
2025-06-13T15:51:45.6464055Z - machine1/pressure: 38.49
2025-06-13T15:51:45.6512625Z - machine1/humidity: 67.96
2025-06-13T15:51:45.6518822Z - machine1/rpm: 2063
2025-06-13T15:51:45.6520303Z - machine1/status: ERROR
2025-06-13T15:51:55.6538452Z - machine1/temperature: 65.02
2025-06-13T15:51:55.6577191Z - machine1/vibration: 2.88
2025-06-13T15:51:55.6595655Z - machine1/pressure: 104.70
2025-06-13T15:51:55.6636341Z - machine1/humidity: 22.02
2025-06-13T15:51:55.6653047Z - machine1/rpm: 1433
2025-06-13T15:51:55.6658165Z - machine1/status: OK
2025-06-13T15:52:05.6663650Z - machine1/temperature: 60.38
2025-06-13T15:52:05.6687762Z - machine1/vibration: 3.54
2025-06-13T15:52:05.6710777Z - machine1/pressure: 85.60
2025-06-13T15:52:05.6730096Z - machine1/humidity: 50.91
2025-06-13T15:52:05.6739480Z - machine1/rpm: 1464
2025-06-13T15:52:05.6744036Z - machine1/status: OK
2025-06-13T15:52:15.6814152Z - machine1/temperature: 34.24
2025-06-13T15:52:15.6876331Z - machine1/vibration: 3.16
2025-06-13T15:52:15.6929926Z - machine1/pressure: 113.66
2025-06-13T15:52:15.6976556Z - machine1/humidity: 54.15
2025-06-13T15:52:15.7021164Z - machine1/rpm: 1701
2025-06-13T15:52:15.7052158Z - machine1/status: OK
2025-06-13T15:52:25.7095017Z - machine1/temperature: 57.72
2025-06-13T15:52:25.7126491Z - machine1/vibration: 4.02
2025-06-13T15:52:25.7138639Z - machine1/pressure: 84.35
2025-06-13T15:52:25.7144725Z - machine1/humidity: 52.16
2025-06-13T15:52:25.7151243Z - machine1/rpm: 2919
2025-06-13T15:52:25.7156639Z - machine1/status: OK
2025-06-13T15:52:35.7205132Z - machine1/temperature: 63.22
2025-06-13T15:52:35.7218352Z - machine1/vibration: 4.49
2025-06-13T15:52:35.7248740Z - machine1/pressure: 37.95
2025-06-13T15:52:35.7269401Z - machine1/humidity: 69.99
2025-06-13T15:52:35.7275114Z - machine1/rpm: 2277
2025-06-13T15:52:35.7282099Z - machine1/status: OK
2025-06-13T15:52:45.7325599Z - machine1/temperature: 44.18
2025-06-13T15:52:45.7332830Z - machine1/vibration: 1.98
2025-06-13T15:52:45.7349288Z - machine1/pressure: 68.26
2025-06-13T15:52:45.7389086Z - machine1/humidity: 52.38
2025-06-13T15:52:45.7397348Z - machine1/rpm: 1633
2025-06-13T15:52:45.7411390Z - machine1/status: OK
2025-06-13T15:52:55.7532998Z - machine1/temperature: 64.00
2025-06-13T15:52:55.7568726Z - machine1/vibration: 0.47
2025-06-13T15:52:55.7586769Z - machine1/pressure: 100.34
2025-06-13T15:52:55.7591789Z - machine1/humidity: 53.71
2025-06-13T15:52:55.7608410Z - machine1/rpm: 1256
2025-06-13T15:52:55.7628109Z - machine1/status: OK
2025-06-13T15:53:05.7679756Z - machine1/temperature: 85.54
2025-06-13T15:53:05.7712336Z - machine1/vibration: 3.40
2025-06-13T15:53:05.7723514Z - machine1/pressure: 112.55
2025-06-13T15:53:05.7728467Z - machine1/humidity: 68.56
2025-06-13T15:53:05.7735180Z - machine1/rpm: 1138
2025-06-13T15:53:05.7744391Z - machine1/status: OK
2025-06-13T15:53:15.7750558Z - machine1/temperature: 51.28
2025-06-13T15:53:15.7755864Z - machine1/vibration: 2.38
2025-06-13T15:53:15.7758835Z - machine1/pressure: 61.38
2025-06-13T15:53:15.7760921Z - machine1/humidity: 30.46
2025-06-13T15:53:15.7763185Z - machine1/rpm: 1133
2025-06-13T15:53:15.7765291Z - machine1/status: OK
2025-06-13T15:53:25.7840255Z - machine1/temperature: 25.04
2025-06-13T15:53:25.7847045Z - machine1/vibration: 1.53
2025-06-13T15:53:25.7877801Z - machine1/pressure: 75.14
2025-06-13T15:53:25.7895314Z - machine1/humidity: 46.02
2025-06-13T15:53:25.7901792Z - machine1/rpm: 1702
2025-06-13T15:53:25.7905868Z - machine1/status: OK
2025-06-13T15:53:35.7971270Z - machine1/temperature: 44.04
2025-06-13T15:53:35.7978383Z - machine1/vibration: 4.46
2025-06-13T15:53:35.7998311Z - machine1/pressure: 98.33
2025-06-13T15:53:35.8032769Z - machine1/humidity: 31.36
2025-06-13T15:53:35.8035253Z - machine1/rpm: 2404
2025-06-13T15:53:35.8040592Z - machine1/status: OK
2025-06-13T15:53:45.8075289Z - machine1/temperature: 84.58
2025-06-13T15:53:45.8088583Z - machine1/vibration: 0.78
2025-06-13T15:53:45.8123839Z - machine1/pressure: 71.66
2025-06-13T15:53:45.8147007Z - machine1/humidity: 26.84
2025-06-13T15:53:45.8159606Z - machine1/rpm: 1780
2025-06-13T15:53:45.8162142Z - machine1/status: OK
2025-06-13T15:53:55.8239919Z - machine1/temperature: 21.03
2025-06-13T15:53:55.8287596Z - machine1/vibration: 0.21
2025-06-13T15:53:55.8358439Z - machine1/pressure: 117.55
2025-06-13T15:53:55.8407387Z - machine1/humidity: 55.33
2025-06-13T15:53:55.8432963Z - machine1/rpm: 1554
2025-06-13T15:53:55.8469116Z - machine1/status: OK
2025-06-13T15:54:05.8478125Z - machine1/temperature: 68.92
2025-06-13T15:54:05.8483569Z - machine1/vibration: 3.03
2025-06-13T15:54:05.8493050Z - machine1/pressure: 116.79
2025-06-13T15:54:05.8498951Z - machine1/humidity: 29.91
2025-06-13T15:54:05.8506415Z - machine1/rpm: 1257
2025-06-13T15:54:05.8509528Z - machine1/status: WARN
2025-06-13T15:54:15.8550893Z - machine1/temperature: 60.37
2025-06-13T15:54:15.8601236Z - machine1/vibration: 2.96
2025-06-13T15:54:15.8625869Z - machine1/pressure: 67.12
2025-06-13T15:54:15.8635332Z - machine1/humidity: 26.24
2025-06-13T15:54:15.8641651Z - machine1/rpm: 2456
2025-06-13T15:54:15.8649744Z - machine1/status: OK
2025-06-13T15:54:25.8679350Z - machine1/temperature: 28.86
2025-06-13T15:54:25.8686988Z - machine1/vibration: 2.83
2025-06-13T15:54:25.8690997Z - machine1/pressure: 96.30
2025-06-13T15:54:25.8694399Z - machine1/humidity: 70.07
2025-06-13T15:54:25.8699257Z - machine1/rpm: 2771
2025-06-13T15:54:25.8704517Z - machine1/status: OK
2025-06-13T15:54:35.8738072Z - machine1/temperature: 69.29
2025-06-13T15:54:35.8742924Z - machine1/vibration: 4.38
2025-06-13T15:54:35.8747890Z - machine1/pressure: 39.47
2025-06-13T15:54:35.8750960Z - machine1/humidity: 54.53
2025-06-13T15:54:35.8755263Z - machine1/rpm: 1667
2025-06-13T15:54:35.8757289Z - machine1/status: OK
2025-06-13T15:54:45.8779955Z - machine1/temperature: 31.16
2025-06-13T15:54:45.8794436Z - machine1/vibration: 0.53
2025-06-13T15:54:45.8799918Z - machine1/pressure: 83.38
2025-06-13T15:54:45.8808434Z - machine1/humidity: 67.81
2025-06-13T15:54:45.8812876Z - machine1/rpm: 1852
2025-06-13T15:54:45.8815884Z - machine1/status: OK
2025-06-13T15:54:55.8821450Z - machine1/temperature: 36.23
2025-06-13T15:54:55.8827601Z - machine1/vibration: 4.97
2025-06-13T15:54:55.8842393Z - machine1/pressure: 87.29
2025-06-13T15:54:55.8882732Z - machine1/humidity: 73.68
2025-06-13T15:54:55.8888924Z - machine1/rpm: 1595
2025-06-13T15:54:55.8894661Z - machine1/status: OK
2025-06-13T15:55:05.8921456Z - machine1/temperature: 82.01
2025-06-13T15:55:05.8932369Z - machine1/vibration: 3.10
2025-06-13T15:55:05.8948433Z - machine1/pressure: 110.28
2025-06-13T15:55:05.8968246Z - machine1/humidity: 44.15
2025-06-13T15:55:05.8974838Z - machine1/rpm: 1683
2025-06-13T15:55:05.8977751Z - machine1/status: ERROR
2025-06-13T15:55:15.8988586Z - machine1/temperature: 84.23
2025-06-13T15:55:15.8993711Z - machine1/vibration: 4.57
2025-06-13T15:55:15.8997696Z - machine1/pressure: 108.38
2025-06-13T15:55:15.9003569Z - machine1/humidity: 56.91
2025-06-13T15:55:15.9005053Z - machine1/rpm: 597
2025-06-13T15:55:15.9006452Z - machine1/status: OK
2025-06-13T15:55:25.9024269Z - machine1/temperature: 56.34
2025-06-13T15:55:25.9035599Z - machine1/vibration: 4.74
2025-06-13T15:55:25.9041992Z - machine1/pressure: 68.75
2025-06-13T15:55:25.9048155Z - machine1/humidity: 66.57
2025-06-13T15:55:25.9053609Z - machine1/rpm: 2016
2025-06-13T15:55:25.9075496Z - machine1/status: OK
2025-06-13T15:55:35.9229597Z - machine1/temperature: 68.73
2025-06-13T15:55:35.9259516Z - machine1/vibration: 2.45
2025-06-13T15:55:35.9302947Z - machine1/pressure: 96.35
2025-06-13T15:55:35.9343714Z - machine1/humidity: 44.30
2025-06-13T15:55:35.9373152Z - machine1/rpm: 2277
2025-06-13T15:55:35.9402100Z - machine1/status: OK
2025-06-13T15:55:45.9392104Z - machine1/temperature: 85.49
2025-06-13T15:55:45.9400700Z - machine1/vibration: 0.77
2025-06-13T15:55:45.9407485Z - machine1/pressure: 51.69
2025-06-13T15:55:45.9411342Z - machine1/humidity: 52.11
2025-06-13T15:55:45.9413820Z - machine1/rpm: 2941
2025-06-13T15:55:45.9415773Z - machine1/status: OK
2025-06-13T15:55:55.9451578Z - machine1/temperature: 37.03
2025-06-13T15:55:55.9500211Z - machine1/vibration: 2.40
2025-06-13T15:55:55.9507183Z - machine1/pressure: 43.97
2025-06-13T15:55:55.9511697Z - machine1/humidity: 28.28
2025-06-13T15:55:55.9515320Z - machine1/rpm: 504
2025-06-13T15:55:55.9518359Z - machine1/status: OK
2025-06-13T15:56:05.9526632Z - machine1/temperature: 48.69
2025-06-13T15:56:05.9531533Z - machine1/vibration: 1.33
2025-06-13T15:56:05.9535344Z - machine1/pressure: 50.37
2025-06-13T15:56:05.9539023Z - machine1/humidity: 30.05
2025-06-13T15:56:05.9541154Z - machine1/rpm: 793
2025-06-13T15:56:05.9542609Z - machine1/status: WARN
2025-06-13T15:56:15.9583618Z - machine1/temperature: 85.45
2025-06-13T15:56:15.9599020Z - machine1/vibration: 0.51
2025-06-13T15:56:15.9608107Z - machine1/pressure: 89.45
2025-06-13T15:56:15.9619395Z - machine1/humidity: 31.51
2025-06-13T15:56:15.9628031Z - machine1/rpm: 1585
2025-06-13T15:56:15.9636531Z - machine1/status: OK
2025-06-13T15:56:25.9716007Z - machine1/temperature: 21.40
2025-06-13T15:56:25.9780755Z - machine1/vibration: 2.33
2025-06-13T15:56:25.9844058Z - machine1/pressure: 32.90
2025-06-13T15:56:25.9880133Z - machine1/humidity: 78.76
2025-06-13T15:56:25.9910645Z - machine1/rpm: 1443
2025-06-13T15:56:25.9934653Z - machine1/status: OK
2025-06-13T15:56:35.9955478Z - machine1/temperature: 66.48
2025-06-13T15:56:35.9978046Z - machine1/vibration: 1.04
2025-06-13T15:56:35.9992697Z - machine1/pressure: 66.80
2025-06-13T15:56:36.0003041Z - machine1/humidity: 35.20
2025-06-13T15:56:36.0013967Z - machine1/rpm: 688
2025-06-13T15:56:36.0037825Z - machine1/status: WARN
2025-06-13T15:56:46.0042556Z - machine1/temperature: 60.42
2025-06-13T15:56:46.0051409Z - machine1/vibration: 3.19
2025-06-13T15:56:46.0089436Z - machine1/pressure: 87.02
2025-06-13T15:56:46.0110191Z - machine1/humidity: 51.98
2025-06-13T15:56:46.0116060Z - machine1/rpm: 2443
2025-06-13T15:56:46.0118798Z - machine1/status: OK
2025-06-13T15:56:56.0182409Z - machine1/temperature: 92.41
2025-06-13T15:56:56.0240531Z - machine1/vibration: 4.69
2025-06-13T15:56:56.0262929Z - machine1/pressure: 72.04
2025-06-13T15:56:56.0286770Z - machine1/humidity: 54.92
2025-06-13T15:56:56.0304231Z - machine1/rpm: 1902
2025-06-13T15:56:56.0313437Z - machine1/status: OK
2025-06-13T15:57:06.0309715Z - machine1/temperature: 93.87
2025-06-13T15:57:06.0332540Z - machine1/vibration: 0.51
2025-06-13T15:57:06.0346365Z - machine1/pressure: 104.18
2025-06-13T15:57:06.0349658Z - machine1/humidity: 27.14
2025-06-13T15:57:06.0355775Z - machine1/rpm: 749
2025-06-13T15:57:06.0360820Z - machine1/status: OK
2025-06-13T15:57:16.0425368Z - machine1/temperature: 47.49
2025-06-13T15:57:16.0475260Z - machine1/vibration: 4.22
2025-06-13T15:57:16.0482047Z - machine1/pressure: 79.19
2025-06-13T15:57:16.0489731Z - machine1/humidity: 60.78
2025-06-13T15:57:16.0497452Z - machine1/rpm: 2530
2025-06-13T15:57:16.0533458Z - machine1/status: OK
2025-06-13T15:57:26.0539535Z - machine1/temperature: 85.55
2025-06-13T15:57:26.0559415Z - machine1/vibration: 3.41
2025-06-13T15:57:26.0575257Z - machine1/pressure: 118.94
2025-06-13T15:57:26.0583928Z - machine1/humidity: 59.39
2025-06-13T15:57:26.0590151Z - machine1/rpm: 569
2025-06-13T15:57:26.0598710Z - machine1/status: OK
2025-06-13T15:57:36.0627790Z - machine1/temperature: 43.46
2025-06-13T15:57:36.0639399Z - machine1/vibration: 4.14
2025-06-13T15:57:36.0647342Z - machine1/pressure: 55.71
2025-06-13T15:57:36.0654478Z - machine1/humidity: 48.66
2025-06-13T15:57:36.0660600Z - machine1/rpm: 776
2025-06-13T15:57:36.0665661Z - machine1/status: OK
2025-06-13T15:57:46.0762163Z - machine1/temperature: 61.82
2025-06-13T15:57:46.0801442Z - machine1/vibration: 3.21
2025-06-13T15:57:46.0837605Z - machine1/pressure: 69.81
2025-06-13T15:57:46.0853190Z - machine1/humidity: 20.19
2025-06-13T15:57:46.0880641Z - machine1/rpm: 1980
2025-06-13T15:57:46.0916889Z - machine1/status: OK
2025-06-13T15:57:56.0942360Z - machine1/temperature: 94.56
2025-06-13T15:57:56.0965027Z - machine1/vibration: 1.07
2025-06-13T15:57:56.0975525Z - machine1/pressure: 45.16
2025-06-13T15:57:56.0990567Z - machine1/humidity: 32.51
2025-06-13T15:57:56.0993569Z - machine1/rpm: 2491
2025-06-13T15:57:56.0995328Z - machine1/status: OK
2025-06-13T15:58:06.1015672Z - machine1/temperature: 81.86
2025-06-13T15:58:06.1023839Z - machine1/vibration: 2.53
2025-06-13T15:58:06.1031399Z - machine1/pressure: 106.86
2025-06-13T15:58:06.1037820Z - machine1/humidity: 75.95
2025-06-13T15:58:06.1040372Z - machine1/rpm: 1384
2025-06-13T15:58:06.1042554Z - machine1/status: OK
2025-06-13T15:58:16.1067049Z - machine1/temperature: 24.48
2025-06-13T15:58:16.1077893Z - machine1/vibration: 0.77
2025-06-13T15:58:16.1089789Z - machine1/pressure: 72.38
2025-06-13T15:58:16.1099444Z - machine1/humidity: 59.99
2025-06-13T15:58:16.1107662Z - machine1/rpm: 1135
2025-06-13T15:58:16.1113103Z - machine1/status: OK
2025-06-13T15:58:26.1187267Z - machine1/temperature: 32.44
2025-06-13T15:58:26.1195985Z - machine1/vibration: 1.82
2025-06-13T15:58:26.1223178Z - machine1/pressure: 90.57
2025-06-13T15:58:26.1260379Z - machine1/humidity: 75.99
2025-06-13T15:58:26.1305720Z - machine1/rpm: 536
2025-06-13T15:58:26.1359602Z - machine1/status: OK
2025-06-13T15:58:36.1441401Z - machine1/temperature: 43.48
2025-06-13T15:58:36.1496837Z - machine1/vibration: 3.94
2025-06-13T15:58:36.1504516Z - machine1/pressure: 102.30
2025-06-13T15:58:36.1509153Z - machine1/humidity: 20.77
2025-06-13T15:58:36.1513890Z - machine1/rpm: 2018
2025-06-13T15:58:36.1525099Z - machine1/status: OK
2025-06-13T15:58:46.1532518Z - machine1/temperature: 82.77
2025-06-13T15:58:46.1538682Z - machine1/vibration: 1.57
2025-06-13T15:58:46.1547040Z - machine1/pressure: 41.57
2025-06-13T15:58:46.1572347Z - machine1/humidity: 24.67
2025-06-13T15:58:46.1580406Z - machine1/rpm: 1458
2025-06-13T15:58:46.1585458Z - machine1/status: OK
2025-06-13T15:58:56.1635810Z - machine1/temperature: 24.68
2025-06-13T15:58:56.1664420Z - machine1/vibration: 1.74
2025-06-13T15:58:56.1668961Z - machine1/pressure: 39.61
2025-06-13T15:58:56.1722921Z - machine1/humidity: 45.14
2025-06-13T15:58:56.1758464Z - machine1/rpm: 2135
2025-06-13T15:58:56.1785411Z - machine1/status: OK
2025-06-13T15:59:06.1799836Z - machine1/temperature: 35.64
2025-06-13T15:59:06.1845490Z - machine1/vibration: 3.67
2025-06-13T15:59:06.1863548Z - machine1/pressure: 69.28
2025-06-13T15:59:06.1868563Z - machine1/humidity: 77.64
2025-06-13T15:59:06.1896515Z - machine1/rpm: 1557
2025-06-13T15:59:06.1922110Z - machine1/status: WARN
2025-06-13T15:59:16.1918207Z - machine1/temperature: 69.67
2025-06-13T15:59:16.1930828Z - machine1/vibration: 2.96
2025-06-13T15:59:16.1957216Z - machine1/pressure: 69.75
2025-06-13T15:59:16.1975109Z - machine1/humidity: 44.14
2025-06-13T15:59:16.1982832Z - machine1/rpm: 1692
2025-06-13T15:59:16.1986541Z - machine1/status: OK
2025-06-13T15:59:26.2088165Z - machine1/temperature: 64.59
2025-06-13T15:59:26.2094748Z - machine1/vibration: 3.76
2025-06-13T15:59:26.2096521Z - machine1/pressure: 45.39
2025-06-13T15:59:26.2098128Z - machine1/humidity: 51.48
2025-06-13T15:59:26.2099766Z - machine1/rpm: 1239
2025-06-13T15:59:26.2100866Z - machine1/status: OK
2025-06-13T15:59:36.2215068Z - machine1/temperature: 65.30
2025-06-13T15:59:36.2246979Z - machine1/vibration: 3.20
2025-06-13T15:59:36.2285420Z - machine1/pressure: 99.99
2025-06-13T15:59:36.2316373Z - machine1/humidity: 20.18
2025-06-13T15:59:36.2378292Z - machine1/rpm: 1701
2025-06-13T15:59:36.2406447Z - machine1/status: OK
2025-06-13T15:59:46.2411030Z - machine1/temperature: 58.70
2025-06-13T15:59:46.2415574Z - machine1/vibration: 1.21
2025-06-13T15:59:46.2419191Z - machine1/pressure: 111.27
2025-06-13T15:59:46.2424936Z - machine1/humidity: 58.51
2025-06-13T15:59:46.2430239Z - machine1/rpm: 904
2025-06-13T15:59:46.2433923Z - machine1/status: OK
2025-06-13T15:59:56.2500467Z - machine1/temperature: 35.83
2025-06-13T15:59:56.2530827Z - machine1/vibration: 1.76
2025-06-13T15:59:56.2542019Z - machine1/pressure: 85.54
2025-06-13T15:59:56.2552933Z - machine1/humidity: 46.38
2025-06-13T15:59:56.2574684Z - machine1/rpm: 2976
2025-06-13T15:59:56.2595832Z - machine1/status: OK
