2025-06-13T15:39:24.7721871Z - machine3/temperature: 88.21
2025-06-13T15:39:24.7730097Z - machine3/vibration: 1.55
2025-06-13T15:39:24.7735187Z - machine3/pressure: 86.82
2025-06-13T15:39:24.7740498Z - machine3/humidity: 22.65
2025-06-13T15:39:24.7744244Z - machine3/rpm: 2634
2025-06-13T15:39:24.7746839Z - machine3/status: OK
2025-06-13T15:39:34.7436032Z - machine3/temperature: 85.77
2025-06-13T15:39:34.7439353Z - machine3/vibration: 4.44
2025-06-13T15:39:34.7445103Z - machine3/pressure: 76.30
2025-06-13T15:39:34.7449219Z - machine3/humidity: 27.46
2025-06-13T15:39:34.7453535Z - machine3/rpm: 2527
2025-06-13T15:39:34.7458203Z - machine3/status: OK
2025-06-13T15:39:44.7480070Z - machine3/temperature: 66.85
2025-06-13T15:39:44.7486852Z - machine3/vibration: 4.76
2025-06-13T15:39:44.7490160Z - machine3/pressure: 57.49
2025-06-13T15:39:44.7491676Z - machine3/humidity: 26.73
2025-06-13T15:39:44.7492692Z - machine3/rpm: 859
2025-06-13T15:39:44.7497811Z - machine3/status: OK
2025-06-13T15:39:54.7563414Z - machine3/temperature: 67.32
2025-06-13T15:39:54.7565448Z - machine3/vibration: 0.99
2025-06-13T15:39:54.7569353Z - machine3/pressure: 41.24
2025-06-13T15:39:54.7572268Z - machine3/humidity: 31.11
2025-06-13T15:39:54.7576740Z - machine3/rpm: 711
2025-06-13T15:39:54.7579632Z - machine3/status: ERROR
2025-06-13T15:40:04.7671936Z - machine3/temperature: 56.38
2025-06-13T15:40:04.7675726Z - machine3/vibration: 2.61
2025-06-13T15:40:04.7678855Z - machine3/pressure: 77.55
2025-06-13T15:40:04.7692012Z - machine3/humidity: 35.53
2025-06-13T15:40:04.7700834Z - machine3/rpm: 886
2025-06-13T15:40:04.7713837Z - machine3/status: WARN
2025-06-13T15:40:14.7652552Z - machine3/temperature: 40.58
2025-06-13T15:40:14.7654839Z - machine3/vibration: 2.88
2025-06-13T15:40:14.7656695Z - machine3/pressure: 38.47
2025-06-13T15:40:14.7658710Z - machine3/humidity: 72.77
2025-06-13T15:40:14.7662873Z - machine3/rpm: 1760
2025-06-13T15:40:14.7667121Z - machine3/status: OK
2025-06-13T15:40:24.7990163Z - machine3/temperature: 42.65
2025-06-13T15:40:24.7999740Z - machine3/vibration: 2.22
2025-06-13T15:40:24.8004430Z - machine3/pressure: 52.04
2025-06-13T15:40:24.8016534Z - machine3/humidity: 68.54
2025-06-13T15:40:24.8025409Z - machine3/rpm: 948
2025-06-13T15:40:24.8036540Z - machine3/status: OK
2025-06-13T15:40:34.8071207Z - machine3/temperature: 23.77
2025-06-13T15:40:34.8072911Z - machine3/vibration: 1.07
2025-06-13T15:40:34.8074554Z - machine3/pressure: 30.91
2025-06-13T15:40:34.8075672Z - machine3/humidity: 58.83
2025-06-13T15:40:34.8076769Z - machine3/rpm: 787
2025-06-13T15:40:34.8078426Z - machine3/status: WARN
2025-06-13T15:40:44.8331447Z - machine3/temperature: 65.89
2025-06-13T15:40:44.8334018Z - machine3/vibration: 2.75
2025-06-13T15:40:44.8337940Z - machine3/pressure: 102.42
2025-06-13T15:40:44.8341184Z - machine3/humidity: 70.95
2025-06-13T15:40:44.8344905Z - machine3/rpm: 719
2025-06-13T15:40:44.8348383Z - machine3/status: OK
2025-06-13T15:40:54.8331731Z - machine3/temperature: 96.90
2025-06-13T15:40:54.8336287Z - machine3/vibration: 2.18
2025-06-13T15:40:54.8338794Z - machine3/pressure: 45.92
2025-06-13T15:40:54.8343035Z - machine3/humidity: 58.05
2025-06-13T15:40:54.8352493Z - machine3/rpm: 2158
2025-06-13T15:40:54.8364322Z - machine3/status: OK
2025-06-13T15:41:04.8418621Z - machine3/temperature: 86.52
2025-06-13T15:41:04.8424897Z - machine3/vibration: 0.73
2025-06-13T15:41:04.8431983Z - machine3/pressure: 52.39
2025-06-13T15:41:04.8439015Z - machine3/humidity: 60.72
2025-06-13T15:41:04.8443409Z - machine3/rpm: 801
2025-06-13T15:41:04.8448756Z - machine3/status: OK
2025-06-13T15:41:14.8429289Z - machine3/temperature: 75.13
2025-06-13T15:41:14.8430265Z - machine3/vibration: 0.31
2025-06-13T15:41:14.8431193Z - machine3/pressure: 89.58
2025-06-13T15:41:14.8432024Z - machine3/humidity: 69.29
2025-06-13T15:41:14.8433877Z - machine3/rpm: 1143
2025-06-13T15:41:14.8435316Z - machine3/status: OK
2025-06-13T15:41:24.8576209Z - machine3/temperature: 77.98
2025-06-13T15:41:24.8585011Z - machine3/vibration: 0.60
2025-06-13T15:41:24.8598304Z - machine3/pressure: 95.56
2025-06-13T15:41:24.8609427Z - machine3/humidity: 37.86
2025-06-13T15:41:24.8617664Z - machine3/rpm: 1215
2025-06-13T15:41:24.8627654Z - machine3/status: OK
2025-06-13T15:41:34.8765390Z - machine3/temperature: 21.78
2025-06-13T15:41:34.8788707Z - machine3/vibration: 4.46
2025-06-13T15:41:34.8807337Z - machine3/pressure: 117.22
2025-06-13T15:41:34.8818428Z - machine3/humidity: 21.28
2025-06-13T15:41:34.8825193Z - machine3/rpm: 1773
2025-06-13T15:41:34.8831677Z - machine3/status: OK
2025-06-13T15:41:44.8965771Z - machine3/temperature: 52.13
2025-06-13T15:41:44.8968163Z - machine3/vibration: 4.97
2025-06-13T15:41:44.8983053Z - machine3/pressure: 67.74
2025-06-13T15:41:44.8996516Z - machine3/humidity: 58.12
2025-06-13T15:41:44.9007483Z - machine3/rpm: 805
2025-06-13T15:41:44.9015587Z - machine3/status: OK
2025-06-13T15:41:54.9008716Z - machine3/temperature: 84.35
2025-06-13T15:41:54.9014385Z - machine3/vibration: 4.50
2025-06-13T15:41:54.9029528Z - machine3/pressure: 30.86
2025-06-13T15:41:54.9038332Z - machine3/humidity: 71.23
2025-06-13T15:41:54.9044193Z - machine3/rpm: 1838
2025-06-13T15:41:54.9054805Z - machine3/status: OK
2025-06-13T15:42:04.9052237Z - machine3/temperature: 96.82
2025-06-13T15:42:04.9055000Z - machine3/vibration: 2.10
2025-06-13T15:42:04.9057674Z - machine3/pressure: 86.04
2025-06-13T15:42:04.9060297Z - machine3/humidity: 49.85
2025-06-13T15:42:04.9063102Z - machine3/rpm: 803
2025-06-13T15:42:04.9065727Z - machine3/status: OK
2025-06-13T15:42:14.9252994Z - machine3/temperature: 40.43
2025-06-13T15:42:14.9258387Z - machine3/vibration: 4.42
2025-06-13T15:42:14.9262596Z - machine3/pressure: 62.38
2025-06-13T15:42:14.9265481Z - machine3/humidity: 76.96
2025-06-13T15:42:14.9270593Z - machine3/rpm: 2657
2025-06-13T15:42:14.9283346Z - machine3/status: OK
2025-06-13T15:42:24.9385181Z - machine3/temperature: 81.76
2025-06-13T15:42:24.9392789Z - machine3/vibration: 4.92
2025-06-13T15:42:24.9396089Z - machine3/pressure: 119.50
2025-06-13T15:42:24.9402448Z - machine3/humidity: 46.31
2025-06-13T15:42:24.9405297Z - machine3/rpm: 1457
2025-06-13T15:42:24.9409138Z - machine3/status: OK
2025-06-13T15:42:34.9457461Z - machine3/temperature: 76.24
2025-06-13T15:42:34.9458469Z - machine3/vibration: 0.50
2025-06-13T15:42:34.9459329Z - machine3/pressure: 31.83
2025-06-13T15:42:34.9460187Z - machine3/humidity: 64.80
2025-06-13T15:42:34.9461049Z - machine3/rpm: 2326
2025-06-13T15:42:34.9469065Z - machine3/status: OK
2025-06-13T15:42:44.9727444Z - machine3/temperature: 76.36
2025-06-13T15:42:44.9742095Z - machine3/vibration: 0.44
2025-06-13T15:42:44.9752295Z - machine3/pressure: 31.67
2025-06-13T15:42:44.9756684Z - machine3/humidity: 51.61
2025-06-13T15:42:44.9758668Z - machine3/rpm: 2385
2025-06-13T15:42:44.9760367Z - machine3/status: OK
2025-06-13T15:42:54.9805082Z - machine3/temperature: 87.95
2025-06-13T15:42:54.9807497Z - machine3/vibration: 4.58
2025-06-13T15:42:54.9811098Z - machine3/pressure: 93.24
2025-06-13T15:42:54.9817212Z - machine3/humidity: 49.16
2025-06-13T15:42:54.9820857Z - machine3/rpm: 2666
2025-06-13T15:42:54.9826266Z - machine3/status: OK
2025-06-13T15:43:04.9817641Z - machine3/temperature: 82.30
2025-06-13T15:43:04.9818946Z - machine3/vibration: 1.18
2025-06-13T15:43:04.9820030Z - machine3/pressure: 89.04
2025-06-13T15:43:04.9821727Z - machine3/humidity: 59.94
2025-06-13T15:43:04.9823026Z - machine3/rpm: 2451
2025-06-13T15:43:04.9824370Z - machine3/status: OK
2025-06-13T15:43:14.9878262Z - machine3/temperature: 65.00
2025-06-13T15:43:14.9880769Z - machine3/vibration: 3.07
2025-06-13T15:43:14.9885984Z - machine3/pressure: 108.61
2025-06-13T15:43:14.9890452Z - machine3/humidity: 32.30
2025-06-13T15:43:14.9895202Z - machine3/rpm: 2915
2025-06-13T15:43:14.9899222Z - machine3/status: OK
2025-06-13T15:43:25.0004606Z - machine3/temperature: 56.29
2025-06-13T15:43:25.0006153Z - machine3/vibration: 2.22
2025-06-13T15:43:25.0010142Z - machine3/pressure: 101.79
2025-06-13T15:43:25.0014259Z - machine3/humidity: 43.31
2025-06-13T15:43:25.0018197Z - machine3/rpm: 1286
2025-06-13T15:43:25.0021501Z - machine3/status: OK
2025-06-13T15:43:35.0174428Z - machine3/temperature: 80.59
2025-06-13T15:43:35.0184300Z - machine3/vibration: 4.97
2025-06-13T15:43:35.0192111Z - machine3/pressure: 83.71
2025-06-13T15:43:35.0200589Z - machine3/humidity: 64.76
2025-06-13T15:43:35.0207996Z - machine3/rpm: 1176
2025-06-13T15:43:35.0214820Z - machine3/status: OK
2025-06-13T15:43:45.0241958Z - machine3/temperature: 89.06
2025-06-13T15:43:45.0244734Z - machine3/vibration: 1.22
2025-06-13T15:43:45.0247039Z - machine3/pressure: 116.16
2025-06-13T15:43:45.0249553Z - machine3/humidity: 41.06
2025-06-13T15:43:45.0260708Z - machine3/rpm: 1507
2025-06-13T15:43:45.0264936Z - machine3/status: OK
2025-06-13T15:43:55.0357838Z - machine3/temperature: 47.20
2025-06-13T15:43:55.0360661Z - machine3/vibration: 1.41
2025-06-13T15:43:55.0364863Z - machine3/pressure: 114.28
2025-06-13T15:43:55.0367608Z - machine3/humidity: 20.04
2025-06-13T15:43:55.0369870Z - machine3/rpm: 1931
2025-06-13T15:43:55.0372916Z - machine3/status: OK
2025-06-13T15:44:05.0608873Z - machine3/temperature: 68.42
2025-06-13T15:44:05.0623316Z - machine3/vibration: 1.58
2025-06-13T15:44:05.0635091Z - machine3/pressure: 51.04
2025-06-13T15:44:05.0640635Z - machine3/humidity: 62.19
2025-06-13T15:44:05.0645374Z - machine3/rpm: 1551
2025-06-13T15:44:05.0651516Z - machine3/status: OK
2025-06-13T15:44:15.0718829Z - machine3/temperature: 24.35
2025-06-13T15:44:15.0720919Z - machine3/vibration: 0.65
2025-06-13T15:44:15.0722476Z - machine3/pressure: 107.82
2025-06-13T15:44:15.0724129Z - machine3/humidity: 63.45
2025-06-13T15:44:15.0726904Z - machine3/rpm: 1044
2025-06-13T15:44:15.0729131Z - machine3/status: OK
2025-06-13T15:44:25.0903970Z - machine3/temperature: 89.49
2025-06-13T15:44:25.0909452Z - machine3/vibration: 3.52
2025-06-13T15:44:25.0917930Z - machine3/pressure: 76.99
2025-06-13T15:44:25.0929712Z - machine3/humidity: 39.19
2025-06-13T15:44:25.0934762Z - machine3/rpm: 517
2025-06-13T15:44:25.0939982Z - machine3/status: OK
2025-06-13T15:44:35.0993812Z - machine3/temperature: 27.15
2025-06-13T15:44:35.0999314Z - machine3/vibration: 4.12
2025-06-13T15:44:35.1004487Z - machine3/pressure: 101.75
2025-06-13T15:44:35.1010233Z - machine3/humidity: 32.78
2025-06-13T15:44:35.1015638Z - machine3/rpm: 946
2025-06-13T15:44:35.1025311Z - machine3/status: OK
2025-06-13T15:44:45.1224357Z - machine3/temperature: 59.84
2025-06-13T15:44:45.1233100Z - machine3/vibration: 4.60
2025-06-13T15:44:45.1242850Z - machine3/pressure: 93.09
2025-06-13T15:44:45.1253052Z - machine3/humidity: 75.53
2025-06-13T15:44:45.1259627Z - machine3/rpm: 1113
2025-06-13T15:44:45.1266661Z - machine3/status: OK
2025-06-13T15:44:55.1311940Z - machine3/temperature: 69.43
2025-06-13T15:44:55.1318001Z - machine3/vibration: 2.33
2025-06-13T15:44:55.1319951Z - machine3/pressure: 30.86
2025-06-13T15:44:55.1322473Z - machine3/humidity: 53.40
2025-06-13T15:44:55.1332878Z - machine3/rpm: 1323
2025-06-13T15:44:55.1339655Z - machine3/status: WARN
2025-06-13T15:45:05.1333057Z - machine3/temperature: 52.17
2025-06-13T15:45:05.1337376Z - machine3/vibration: 2.27
2025-06-13T15:45:05.1340744Z - machine3/pressure: 84.20
2025-06-13T15:45:05.1343623Z - machine3/humidity: 29.29
2025-06-13T15:45:05.1346728Z - machine3/rpm: 1919
2025-06-13T15:45:05.1349231Z - machine3/status: OK
2025-06-13T15:45:15.1428530Z - machine3/temperature: 51.75
2025-06-13T15:45:15.1429990Z - machine3/vibration: 4.44
2025-06-13T15:45:15.1431162Z - machine3/pressure: 107.25
2025-06-13T15:45:15.1432267Z - machine3/humidity: 69.68
2025-06-13T15:45:15.1433405Z - machine3/rpm: 1626
2025-06-13T15:45:15.1434493Z - machine3/status: OK
2025-06-13T15:45:25.1505478Z - machine3/temperature: 40.39
2025-06-13T15:45:25.1507089Z - machine3/vibration: 4.06
2025-06-13T15:45:25.1508437Z - machine3/pressure: 52.27
2025-06-13T15:45:25.1509988Z - machine3/humidity: 57.12
2025-06-13T15:45:25.1512917Z - machine3/rpm: 1991
2025-06-13T15:45:25.1518237Z - machine3/status: OK
2025-06-13T15:45:35.1542168Z - machine3/temperature: 28.58
2025-06-13T15:45:35.1547059Z - machine3/vibration: 0.70
2025-06-13T15:45:35.1549460Z - machine3/pressure: 72.11
2025-06-13T15:45:35.1551730Z - machine3/humidity: 52.57
2025-06-13T15:45:35.1553475Z - machine3/rpm: 950
2025-06-13T15:45:35.1555065Z - machine3/status: OK
2025-06-13T15:45:45.1585626Z - machine3/temperature: 35.31
2025-06-13T15:45:45.1587371Z - machine3/vibration: 2.36
2025-06-13T15:45:45.1589016Z - machine3/pressure: 97.54
2025-06-13T15:45:45.1591197Z - machine3/humidity: 63.54
2025-06-13T15:45:45.1593592Z - machine3/rpm: 2661
2025-06-13T15:45:45.1595730Z - machine3/status: OK
2025-06-13T15:45:55.1675219Z - machine3/temperature: 20.82
2025-06-13T15:45:55.1677361Z - machine3/vibration: 0.29
2025-06-13T15:45:55.1685486Z - machine3/pressure: 64.21
2025-06-13T15:45:55.1690029Z - machine3/humidity: 59.86
2025-06-13T15:45:55.1696429Z - machine3/rpm: 1113
2025-06-13T15:45:55.1698338Z - machine3/status: OK
2025-06-13T15:46:05.1700291Z - machine3/temperature: 57.74
2025-06-13T15:46:05.1701790Z - machine3/vibration: 1.46
2025-06-13T15:46:05.1703124Z - machine3/pressure: 42.74
2025-06-13T15:46:05.1704461Z - machine3/humidity: 77.79
2025-06-13T15:46:05.1705391Z - machine3/rpm: 1680
2025-06-13T15:46:05.1706439Z - machine3/status: OK
2025-06-13T15:46:15.1870404Z - machine3/temperature: 59.45
2025-06-13T15:46:15.1875053Z - machine3/vibration: 2.45
2025-06-13T15:46:15.1886799Z - machine3/pressure: 90.26
2025-06-13T15:46:15.1899759Z - machine3/humidity: 73.93
2025-06-13T15:46:15.1909510Z - machine3/rpm: 1187
2025-06-13T15:46:15.1915138Z - machine3/status: OK
2025-06-13T15:46:25.2096814Z - machine3/temperature: 20.19
2025-06-13T15:46:25.2102165Z - machine3/vibration: 1.28
2025-06-13T15:46:25.2111051Z - machine3/pressure: 38.10
2025-06-13T15:46:25.2119494Z - machine3/humidity: 47.91
2025-06-13T15:46:25.2126306Z - machine3/rpm: 676
2025-06-13T15:46:25.2132565Z - machine3/status: WARN
2025-06-13T15:46:35.2203802Z - machine3/temperature: 81.11
2025-06-13T15:46:35.2208409Z - machine3/vibration: 0.19
2025-06-13T15:46:35.2212924Z - machine3/pressure: 31.98
2025-06-13T15:46:35.2217468Z - machine3/humidity: 78.97
2025-06-13T15:46:35.2237029Z - machine3/rpm: 2592
2025-06-13T15:46:35.2244810Z - machine3/status: OK
2025-06-13T15:46:45.2521563Z - machine3/temperature: 47.50
2025-06-13T15:46:45.2543830Z - machine3/vibration: 2.45
2025-06-13T15:46:45.2556457Z - machine3/pressure: 60.07
2025-06-13T15:46:45.2564131Z - machine3/humidity: 24.17
2025-06-13T15:46:45.2572385Z - machine3/rpm: 977
2025-06-13T15:46:45.2577630Z - machine3/status: OK
2025-06-13T15:46:55.2507067Z - machine3/temperature: 23.97
2025-06-13T15:46:55.2509276Z - machine3/vibration: 3.84
2025-06-13T15:46:55.2513731Z - machine3/pressure: 108.26
2025-06-13T15:46:55.2519654Z - machine3/humidity: 72.82
2025-06-13T15:46:55.2525908Z - machine3/rpm: 1553
2025-06-13T15:46:55.2530072Z - machine3/status: OK
2025-06-13T15:47:05.2550942Z - machine3/temperature: 96.36
2025-06-13T15:47:05.2553248Z - machine3/vibration: 0.59
2025-06-13T15:47:05.2555333Z - machine3/pressure: 97.44
2025-06-13T15:47:05.2556952Z - machine3/humidity: 25.62
2025-06-13T15:47:05.2558672Z - machine3/rpm: 1531
2025-06-13T15:47:05.2560497Z - machine3/status: OK
2025-06-13T15:47:15.2599665Z - machine3/temperature: 48.38
2025-06-13T15:47:15.2601041Z - machine3/vibration: 3.11
2025-06-13T15:47:15.2602427Z - machine3/pressure: 115.59
2025-06-13T15:47:15.2603507Z - machine3/humidity: 37.15
2025-06-13T15:47:15.2604544Z - machine3/rpm: 2856
2025-06-13T15:47:15.2607089Z - machine3/status: OK
2025-06-13T15:47:25.2657413Z - machine3/temperature: 65.81
2025-06-13T15:47:25.2660125Z - machine3/vibration: 0.25
2025-06-13T15:47:25.2662575Z - machine3/pressure: 103.09
2025-06-13T15:47:25.2665069Z - machine3/humidity: 23.89
2025-06-13T15:47:25.2668030Z - machine3/rpm: 2893
2025-06-13T15:47:25.2670398Z - machine3/status: OK
2025-06-13T15:47:35.2905634Z - machine3/temperature: 39.60
2025-06-13T15:47:35.2912146Z - machine3/vibration: 0.47
2025-06-13T15:47:35.2916797Z - machine3/pressure: 60.32
2025-06-13T15:47:35.2922055Z - machine3/humidity: 40.93
2025-06-13T15:47:35.2928849Z - machine3/rpm: 1859
2025-06-13T15:47:35.2933372Z - machine3/status: OK
2025-06-13T15:47:45.3045226Z - machine3/temperature: 37.23
2025-06-13T15:47:45.3050244Z - machine3/vibration: 4.83
2025-06-13T15:47:45.3057253Z - machine3/pressure: 105.20
2025-06-13T15:47:45.3066980Z - machine3/humidity: 73.30
2025-06-13T15:47:45.3070325Z - machine3/rpm: 676
2025-06-13T15:47:45.3074284Z - machine3/status: OK
2025-06-13T15:47:55.3282703Z - machine3/temperature: 51.09
2025-06-13T15:47:55.3291148Z - machine3/vibration: 3.04
2025-06-13T15:47:55.3299933Z - machine3/pressure: 61.75
2025-06-13T15:47:55.3305955Z - machine3/humidity: 38.13
2025-06-13T15:47:55.3312293Z - machine3/rpm: 740
2025-06-13T15:47:55.3320994Z - machine3/status: OK
2025-06-13T15:48:05.3537201Z - machine3/temperature: 54.84
2025-06-13T15:48:05.3544623Z - machine3/vibration: 4.14
2025-06-13T15:48:05.3552997Z - machine3/pressure: 112.15
2025-06-13T15:48:05.3560027Z - machine3/humidity: 78.02
2025-06-13T15:48:05.3572144Z - machine3/rpm: 1948
2025-06-13T15:48:05.3578873Z - machine3/status: OK
2025-06-13T15:48:15.3663769Z - machine3/temperature: 39.82
2025-06-13T15:48:15.3668721Z - machine3/vibration: 1.81
2025-06-13T15:48:15.3673565Z - machine3/pressure: 39.35
2025-06-13T15:48:15.3679301Z - machine3/humidity: 25.72
2025-06-13T15:48:15.3690260Z - machine3/rpm: 2807
2025-06-13T15:48:15.3695123Z - machine3/status: ERROR
2025-06-13T15:48:25.3748053Z - machine3/temperature: 96.31
2025-06-13T15:48:25.3749307Z - machine3/vibration: 1.94
2025-06-13T15:48:25.3750233Z - machine3/pressure: 84.14
2025-06-13T15:48:25.3754866Z - machine3/humidity: 56.66
2025-06-13T15:48:25.3762395Z - machine3/rpm: 2573
2025-06-13T15:48:25.3767143Z - machine3/status: OK
2025-06-13T15:48:35.4002745Z - machine3/temperature: 60.44
2025-06-13T15:48:35.4009834Z - machine3/vibration: 4.10
2025-06-13T15:48:35.4017317Z - machine3/pressure: 107.99
2025-06-13T15:48:35.4024469Z - machine3/humidity: 71.85
2025-06-13T15:48:35.4031651Z - machine3/rpm: 2904
2025-06-13T15:48:35.4040926Z - machine3/status: OK
2025-06-13T15:48:45.4074672Z - machine3/temperature: 44.51
2025-06-13T15:48:45.4085348Z - machine3/vibration: 1.53
2025-06-13T15:48:45.4099443Z - machine3/pressure: 45.29
2025-06-13T15:48:45.4111170Z - machine3/humidity: 54.27
2025-06-13T15:48:45.4114792Z - machine3/rpm: 1856
2025-06-13T15:48:45.4118360Z - machine3/status: OK
2025-06-13T15:48:55.4265119Z - machine3/temperature: 37.19
2025-06-13T15:48:55.4269601Z - machine3/vibration: 2.23
2025-06-13T15:48:55.4273738Z - machine3/pressure: 31.29
2025-06-13T15:48:55.4276300Z - machine3/humidity: 46.64
2025-06-13T15:48:55.4279199Z - machine3/rpm: 862
2025-06-13T15:48:55.4284514Z - machine3/status: OK
2025-06-13T15:49:05.4425495Z - machine3/temperature: 45.15
2025-06-13T15:49:05.4430975Z - machine3/vibration: 1.02
2025-06-13T15:49:05.4436849Z - machine3/pressure: 119.67
2025-06-13T15:49:05.4442132Z - machine3/humidity: 58.35
2025-06-13T15:49:05.4447345Z - machine3/rpm: 2494
2025-06-13T15:49:05.4452897Z - machine3/status: WARN
2025-06-13T15:49:15.4512251Z - machine3/temperature: 84.35
2025-06-13T15:49:15.4518389Z - machine3/vibration: 0.86
2025-06-13T15:49:15.4521237Z - machine3/pressure: 56.58
2025-06-13T15:49:15.4525914Z - machine3/humidity: 56.03
2025-06-13T15:49:15.4529924Z - machine3/rpm: 1381
2025-06-13T15:49:15.4535836Z - machine3/status: WARN
2025-06-13T15:49:25.4757786Z - machine3/temperature: 26.16
2025-06-13T15:49:25.4766279Z - machine3/vibration: 2.32
2025-06-13T15:49:25.4775074Z - machine3/pressure: 96.99
2025-06-13T15:49:25.4783410Z - machine3/humidity: 74.47
2025-06-13T15:49:25.4791609Z - machine3/rpm: 2632
2025-06-13T15:49:25.4806061Z - machine3/status: OK
2025-06-13T15:49:35.4897550Z - machine3/temperature: 46.72
2025-06-13T15:49:35.4899929Z - machine3/vibration: 0.57
2025-06-13T15:49:35.4907438Z - machine3/pressure: 114.15
2025-06-13T15:49:35.4910234Z - machine3/humidity: 50.34
2025-06-13T15:49:35.4914194Z - machine3/rpm: 820
2025-06-13T15:49:35.4916804Z - machine3/status: OK
2025-06-13T15:49:45.5005436Z - machine3/temperature: 88.64
2025-06-13T15:49:45.5006585Z - machine3/vibration: 0.62
2025-06-13T15:49:45.5007766Z - machine3/pressure: 70.93
2025-06-13T15:49:45.5008790Z - machine3/humidity: 39.87
2025-06-13T15:49:45.5009671Z - machine3/rpm: 1416
2025-06-13T15:49:45.5010622Z - machine3/status: OK
2025-06-13T15:49:55.5305107Z - machine3/temperature: 54.98
2025-06-13T15:49:55.5315396Z - machine3/vibration: 1.22
2025-06-13T15:49:55.5323421Z - machine3/pressure: 95.75
2025-06-13T15:49:55.5331418Z - machine3/humidity: 22.67
2025-06-13T15:49:55.5341493Z - machine3/rpm: 1807
2025-06-13T15:49:55.5349352Z - machine3/status: OK
2025-06-13T15:50:05.5399130Z - machine3/temperature: 44.18
2025-06-13T15:50:05.5407746Z - machine3/vibration: 4.72
2025-06-13T15:50:05.5417042Z - machine3/pressure: 116.11
2025-06-13T15:50:05.5422440Z - machine3/humidity: 63.67
2025-06-13T15:50:05.5427447Z - machine3/rpm: 2176
2025-06-13T15:50:05.5437924Z - machine3/status: OK
2025-06-13T15:50:15.5512869Z - machine3/temperature: 82.88
2025-06-13T15:50:15.5519753Z - machine3/vibration: 1.94
2025-06-13T15:50:15.5526430Z - machine3/pressure: 73.21
2025-06-13T15:50:15.5533314Z - machine3/humidity: 37.98
2025-06-13T15:50:15.5539248Z - machine3/rpm: 1880
2025-06-13T15:50:15.5546271Z - machine3/status: OK
2025-06-13T15:50:25.5827026Z - machine3/temperature: 73.30
2025-06-13T15:50:25.5840346Z - machine3/vibration: 2.72
2025-06-13T15:50:25.5846839Z - machine3/pressure: 97.39
2025-06-13T15:50:25.5865265Z - machine3/humidity: 76.73
2025-06-13T15:50:25.5882500Z - machine3/rpm: 916
2025-06-13T15:50:25.5892997Z - machine3/status: OK
2025-06-13T15:50:35.5869542Z - machine3/temperature: 52.03
2025-06-13T15:50:35.5882768Z - machine3/vibration: 4.64
2025-06-13T15:50:35.5888233Z - machine3/pressure: 115.82
2025-06-13T15:50:35.5896218Z - machine3/humidity: 79.16
2025-06-13T15:50:35.5901186Z - machine3/rpm: 550
2025-06-13T15:50:35.5904752Z - machine3/status: OK
2025-06-13T15:50:45.5860018Z - machine3/temperature: 35.09
2025-06-13T15:50:45.5861388Z - machine3/vibration: 4.44
2025-06-13T15:50:45.5862642Z - machine3/pressure: 59.77
2025-06-13T15:50:45.5863932Z - machine3/humidity: 44.50
2025-06-13T15:50:45.5865034Z - machine3/rpm: 853
2025-06-13T15:50:45.5866099Z - machine3/status: OK
2025-06-13T15:50:55.5959640Z - machine3/temperature: 30.45
2025-06-13T15:50:55.5962245Z - machine3/vibration: 2.49
2025-06-13T15:50:55.5964309Z - machine3/pressure: 78.64
2025-06-13T15:50:55.5966614Z - machine3/humidity: 29.21
2025-06-13T15:50:55.5968901Z - machine3/rpm: 511
2025-06-13T15:50:55.5970933Z - machine3/status: WARN
2025-06-13T15:51:05.6004767Z - machine3/temperature: 45.31
2025-06-13T15:51:05.6007565Z - machine3/vibration: 3.28
2025-06-13T15:51:05.6010771Z - machine3/pressure: 50.52
2025-06-13T15:51:05.6011951Z - machine3/humidity: 30.88
2025-06-13T15:51:05.6013075Z - machine3/rpm: 2972
2025-06-13T15:51:05.6014022Z - machine3/status: OK
2025-06-13T15:51:15.6057631Z - machine3/temperature: 56.16
2025-06-13T15:51:15.6058633Z - machine3/vibration: 3.54
2025-06-13T15:51:15.6059431Z - machine3/pressure: 69.22
2025-06-13T15:51:15.6060203Z - machine3/humidity: 45.59
2025-06-13T15:51:15.6060955Z - machine3/rpm: 2470
2025-06-13T15:51:15.6061701Z - machine3/status: WARN
2025-06-13T15:51:25.6347811Z - machine3/temperature: 60.92
2025-06-13T15:51:25.6353638Z - machine3/vibration: 3.05
2025-06-13T15:51:25.6357540Z - machine3/pressure: 64.48
2025-06-13T15:51:25.6369778Z - machine3/humidity: 36.74
2025-06-13T15:51:25.6389144Z - machine3/rpm: 2555
2025-06-13T15:51:25.6394526Z - machine3/status: OK
2025-06-13T15:51:35.6476703Z - machine3/temperature: 20.80
2025-06-13T15:51:35.6488001Z - machine3/vibration: 1.78
2025-06-13T15:51:35.6502116Z - machine3/pressure: 80.25
2025-06-13T15:51:35.6512579Z - machine3/humidity: 40.76
2025-06-13T15:51:35.6519294Z - machine3/rpm: 1292
2025-06-13T15:51:35.6522558Z - machine3/status: OK
2025-06-13T15:51:45.6529781Z - machine3/temperature: 42.01
2025-06-13T15:51:45.6530831Z - machine3/vibration: 3.28
2025-06-13T15:51:45.6531957Z - machine3/pressure: 42.89
2025-06-13T15:51:45.6532926Z - machine3/humidity: 27.55
2025-06-13T15:51:45.6533801Z - machine3/rpm: 2370
2025-06-13T15:51:45.6538936Z - machine3/status: OK
2025-06-13T15:51:55.6725015Z - machine3/temperature: 83.89
2025-06-13T15:51:55.6733569Z - machine3/vibration: 4.86
2025-06-13T15:51:55.6746507Z - machine3/pressure: 77.06
2025-06-13T15:51:55.6756571Z - machine3/humidity: 66.29
2025-06-13T15:51:55.6761185Z - machine3/rpm: 862
2025-06-13T15:51:55.6763821Z - machine3/status: WARN
2025-06-13T15:52:05.6756105Z - machine3/temperature: 65.57
2025-06-13T15:52:05.6757321Z - machine3/vibration: 1.00
2025-06-13T15:52:05.6758265Z - machine3/pressure: 42.25
2025-06-13T15:52:05.6760426Z - machine3/humidity: 45.92
2025-06-13T15:52:05.6763642Z - machine3/rpm: 904
2025-06-13T15:52:05.6765725Z - machine3/status: OK
2025-06-13T15:52:15.7153591Z - machine3/temperature: 27.37
2025-06-13T15:52:15.7161641Z - machine3/vibration: 3.21
2025-06-13T15:52:15.7169329Z - machine3/pressure: 101.97
2025-06-13T15:52:15.7176453Z - machine3/humidity: 56.65
2025-06-13T15:52:15.7183574Z - machine3/rpm: 532
2025-06-13T15:52:15.7192670Z - machine3/status: OK
2025-06-13T15:52:25.7183024Z - machine3/temperature: 30.21
2025-06-13T15:52:25.7186551Z - machine3/vibration: 2.44
2025-06-13T15:52:25.7190491Z - machine3/pressure: 91.57
2025-06-13T15:52:25.7195501Z - machine3/humidity: 62.64
2025-06-13T15:52:25.7211896Z - machine3/rpm: 1485
2025-06-13T15:52:25.7223277Z - machine3/status: OK
2025-06-13T15:52:35.7318119Z - machine3/temperature: 79.92
2025-06-13T15:52:35.7324160Z - machine3/vibration: 0.79
2025-06-13T15:52:35.7330346Z - machine3/pressure: 35.35
2025-06-13T15:52:35.7336210Z - machine3/humidity: 41.50
2025-06-13T15:52:35.7343214Z - machine3/rpm: 2777
2025-06-13T15:52:35.7352909Z - machine3/status: OK
2025-06-13T15:52:45.7486595Z - machine3/temperature: 70.06
2025-06-13T15:52:45.7489122Z - machine3/vibration: 2.44
2025-06-13T15:52:45.7496911Z - machine3/pressure: 102.73
2025-06-13T15:52:45.7504501Z - machine3/humidity: 21.65
2025-06-13T15:52:45.7514578Z - machine3/rpm: 2514
2025-06-13T15:52:45.7521293Z - machine3/status: OK
2025-06-13T15:52:55.7724243Z - machine3/temperature: 53.96
2025-06-13T15:52:55.7732830Z - machine3/vibration: 2.00
2025-06-13T15:52:55.7740872Z - machine3/pressure: 80.67
2025-06-13T15:52:55.7746820Z - machine3/humidity: 70.28
2025-06-13T15:52:55.7753044Z - machine3/rpm: 1285
2025-06-13T15:52:55.7760213Z - machine3/status: OK
2025-06-13T15:53:05.7769151Z - machine3/temperature: 26.69
2025-06-13T15:53:05.7770953Z - machine3/vibration: 0.61
2025-06-13T15:53:05.7772260Z - machine3/pressure: 62.29
2025-06-13T15:53:05.7774341Z - machine3/humidity: 75.50
2025-06-13T15:53:05.7775730Z - machine3/rpm: 732
2025-06-13T15:53:05.7777746Z - machine3/status: OK
2025-06-13T15:53:15.7786204Z - machine3/temperature: 37.14
2025-06-13T15:53:15.7788151Z - machine3/vibration: 1.92
2025-06-13T15:53:15.7790065Z - machine3/pressure: 92.42
2025-06-13T15:53:15.7791793Z - machine3/humidity: 32.81
2025-06-13T15:53:15.7793850Z - machine3/rpm: 2604
2025-06-13T15:53:15.7797157Z - machine3/status: ERROR
2025-06-13T15:53:25.7982157Z - machine3/temperature: 29.57
2025-06-13T15:53:25.8000187Z - machine3/vibration: 2.17
2025-06-13T15:53:25.8019267Z - machine3/pressure: 60.63
2025-06-13T15:53:25.8033479Z - machine3/humidity: 76.31
2025-06-13T15:53:25.8041731Z - machine3/rpm: 2299
2025-06-13T15:53:25.8045672Z - machine3/status: OK
2025-06-13T15:53:35.8064103Z - machine3/temperature: 71.89
2025-06-13T15:53:35.8065436Z - machine3/vibration: 3.92
2025-06-13T15:53:35.8068425Z - machine3/pressure: 88.64
2025-06-13T15:53:35.8069654Z - machine3/humidity: 44.59
2025-06-13T15:53:35.8070744Z - machine3/rpm: 719
2025-06-13T15:53:35.8071968Z - machine3/status: OK
2025-06-13T15:53:45.8216498Z - machine3/temperature: 92.33
2025-06-13T15:53:45.8221605Z - machine3/vibration: 4.34
2025-06-13T15:53:45.8223573Z - machine3/pressure: 61.63
2025-06-13T15:53:45.8226541Z - machine3/humidity: 55.64
2025-06-13T15:53:45.8230979Z - machine3/rpm: 635
2025-06-13T15:53:45.8233921Z - machine3/status: OK
2025-06-13T15:53:55.8565402Z - machine3/temperature: 97.17
2025-06-13T15:53:55.8569878Z - machine3/vibration: 2.15
2025-06-13T15:53:55.8582924Z - machine3/pressure: 70.35
2025-06-13T15:53:55.8593630Z - machine3/humidity: 48.71
2025-06-13T15:53:55.8599580Z - machine3/rpm: 1218
2025-06-13T15:53:55.8604752Z - machine3/status: OK
2025-06-13T15:54:05.8529406Z - machine3/temperature: 91.73
2025-06-13T15:54:05.8532234Z - machine3/vibration: 1.60
2025-06-13T15:54:05.8535422Z - machine3/pressure: 94.99
2025-06-13T15:54:05.8538921Z - machine3/humidity: 54.88
2025-06-13T15:54:05.8541797Z - machine3/rpm: 1992
2025-06-13T15:54:05.8544388Z - machine3/status: OK
2025-06-13T15:54:15.8665437Z - machine3/temperature: 53.40
2025-06-13T15:54:15.8666671Z - machine3/vibration: 1.24
2025-06-13T15:54:15.8667833Z - machine3/pressure: 39.17
2025-06-13T15:54:15.8668991Z - machine3/humidity: 58.89
2025-06-13T15:54:15.8670252Z - machine3/rpm: 820
2025-06-13T15:54:15.8671387Z - machine3/status: OK
2025-06-13T15:54:25.8729820Z - machine3/temperature: 65.40
2025-06-13T15:54:25.8732350Z - machine3/vibration: 0.84
2025-06-13T15:54:25.8734399Z - machine3/pressure: 64.10
2025-06-13T15:54:25.8741829Z - machine3/humidity: 48.03
2025-06-13T15:54:25.8748073Z - machine3/rpm: 2966
2025-06-13T15:54:25.8753916Z - machine3/status: OK
2025-06-13T15:54:35.8771271Z - machine3/temperature: 34.02
2025-06-13T15:54:35.8772752Z - machine3/vibration: 3.31
2025-06-13T15:54:35.8774027Z - machine3/pressure: 71.44
2025-06-13T15:54:35.8775261Z - machine3/humidity: 40.34
2025-06-13T15:54:35.8776391Z - machine3/rpm: 635
2025-06-13T15:54:35.8777467Z - machine3/status: OK
2025-06-13T15:54:45.8841314Z - machine3/temperature: 95.44
2025-06-13T15:54:45.8844237Z - machine3/vibration: 2.55
2025-06-13T15:54:45.8847003Z - machine3/pressure: 107.48
2025-06-13T15:54:45.8849811Z - machine3/humidity: 70.35
2025-06-13T15:54:45.8853545Z - machine3/rpm: 2530
2025-06-13T15:54:45.8857667Z - machine3/status: OK
2025-06-13T15:54:55.8953922Z - machine3/temperature: 63.04
2025-06-13T15:54:55.8957314Z - machine3/vibration: 3.53
2025-06-13T15:54:55.8960335Z - machine3/pressure: 61.71
2025-06-13T15:54:55.8962945Z - machine3/humidity: 55.48
2025-06-13T15:54:55.8966672Z - machine3/rpm: 1611
2025-06-13T15:54:55.8969615Z - machine3/status: OK
2025-06-13T15:55:05.8993342Z - machine3/temperature: 98.77
2025-06-13T15:55:05.8996323Z - machine3/vibration: 0.50
2025-06-13T15:55:05.9000115Z - machine3/pressure: 71.70
2025-06-13T15:55:05.9001884Z - machine3/humidity: 79.55
2025-06-13T15:55:05.9003306Z - machine3/rpm: 2446
2025-06-13T15:55:05.9004291Z - machine3/status: OK
2025-06-13T15:55:15.9034344Z - machine3/temperature: 24.28
2025-06-13T15:55:15.9036406Z - machine3/vibration: 2.61
2025-06-13T15:55:15.9038206Z - machine3/pressure: 114.58
2025-06-13T15:55:15.9039584Z - machine3/humidity: 45.90
2025-06-13T15:55:15.9040828Z - machine3/rpm: 1529
2025-06-13T15:55:15.9041955Z - machine3/status: OK
2025-06-13T15:55:25.9202909Z - machine3/temperature: 93.63
2025-06-13T15:55:25.9204577Z - machine3/vibration: 3.15
2025-06-13T15:55:25.9205867Z - machine3/pressure: 96.22
2025-06-13T15:55:25.9207156Z - machine3/humidity: 46.18
2025-06-13T15:55:25.9210099Z - machine3/rpm: 806
2025-06-13T15:55:25.9214315Z - machine3/status: OK
2025-06-13T15:55:35.9546058Z - machine3/temperature: 60.79
2025-06-13T15:55:35.9554474Z - machine3/vibration: 3.92
2025-06-13T15:55:35.9561375Z - machine3/pressure: 119.07
2025-06-13T15:55:35.9568221Z - machine3/humidity: 71.49
2025-06-13T15:55:35.9578963Z - machine3/rpm: 779
2025-06-13T15:55:35.9591560Z - machine3/status: OK
2025-06-13T15:55:45.9429147Z - machine3/temperature: 28.59
2025-06-13T15:55:45.9431374Z - machine3/vibration: 2.46
2025-06-13T15:55:45.9432581Z - machine3/pressure: 78.98
2025-06-13T15:55:45.9433567Z - machine3/humidity: 24.62
2025-06-13T15:55:45.9434820Z - machine3/rpm: 950
2025-06-13T15:55:45.9435817Z - machine3/status: OK
2025-06-13T15:55:55.9560203Z - machine3/temperature: 42.82
2025-06-13T15:55:55.9565042Z - machine3/vibration: 0.85
2025-06-13T15:55:55.9567723Z - machine3/pressure: 90.06
2025-06-13T15:55:55.9570648Z - machine3/humidity: 40.85
2025-06-13T15:55:55.9577124Z - machine3/rpm: 1306
2025-06-13T15:55:55.9595937Z - machine3/status: WARN
2025-06-13T15:56:05.9553209Z - machine3/temperature: 28.44
2025-06-13T15:56:05.9555144Z - machine3/vibration: 0.45
2025-06-13T15:56:05.9556994Z - machine3/pressure: 114.43
2025-06-13T15:56:05.9559009Z - machine3/humidity: 71.59
2025-06-13T15:56:05.9560859Z - machine3/rpm: 867
2025-06-13T15:56:05.9562529Z - machine3/status: OK
2025-06-13T15:56:15.9647895Z - machine3/temperature: 98.57
2025-06-13T15:56:15.9649385Z - machine3/vibration: 4.31
2025-06-13T15:56:15.9650622Z - machine3/pressure: 50.27
2025-06-13T15:56:15.9653279Z - machine3/humidity: 35.67
2025-06-13T15:56:15.9655363Z - machine3/rpm: 534
2025-06-13T15:56:15.9657469Z - machine3/status: OK
2025-06-13T15:56:26.0052696Z - machine3/temperature: 82.70
2025-06-13T15:56:26.0060500Z - machine3/vibration: 1.12
2025-06-13T15:56:26.0069097Z - machine3/pressure: 79.00
2025-06-13T15:56:26.0080356Z - machine3/humidity: 34.72
2025-06-13T15:56:26.0095045Z - machine3/rpm: 1839
2025-06-13T15:56:26.0108780Z - machine3/status: OK
2025-06-13T15:56:36.0072716Z - machine3/temperature: 75.75
2025-06-13T15:56:36.0075599Z - machine3/vibration: 0.99
2025-06-13T15:56:36.0081444Z - machine3/pressure: 90.55
2025-06-13T15:56:36.0086379Z - machine3/humidity: 44.85
2025-06-13T15:56:36.0091190Z - machine3/rpm: 2902
2025-06-13T15:56:36.0095117Z - machine3/status: OK
2025-06-13T15:56:46.0179874Z - machine3/temperature: 83.07
2025-06-13T15:56:46.0182717Z - machine3/vibration: 2.10
2025-06-13T15:56:46.0184082Z - machine3/pressure: 30.20
2025-06-13T15:56:46.0185209Z - machine3/humidity: 28.00
2025-06-13T15:56:46.0186288Z - machine3/rpm: 2940
2025-06-13T15:56:46.0188077Z - machine3/status: ERROR
2025-06-13T15:56:56.0383848Z - machine3/temperature: 60.22
2025-06-13T15:56:56.0385759Z - machine3/vibration: 1.45
2025-06-13T15:56:56.0400971Z - machine3/pressure: 89.50
2025-06-13T15:56:56.0424916Z - machine3/humidity: 75.50
2025-06-13T15:56:56.0431281Z - machine3/rpm: 2272
2025-06-13T15:56:56.0435244Z - machine3/status: OK
2025-06-13T15:57:06.0405693Z - machine3/temperature: 57.33
2025-06-13T15:57:06.0409093Z - machine3/vibration: 1.80
2025-06-13T15:57:06.0411403Z - machine3/pressure: 68.51
2025-06-13T15:57:06.0412596Z - machine3/humidity: 21.86
2025-06-13T15:57:06.0413483Z - machine3/rpm: 1086
2025-06-13T15:57:06.0416856Z - machine3/status: OK
2025-06-13T15:57:16.0687943Z - machine3/temperature: 66.06
2025-06-13T15:57:16.0706835Z - machine3/vibration: 2.00
2025-06-13T15:57:16.0725908Z - machine3/pressure: 81.63
2025-06-13T15:57:16.0741262Z - machine3/humidity: 66.83
2025-06-13T15:57:16.0750208Z - machine3/rpm: 2570
2025-06-13T15:57:16.0759363Z - machine3/status: WARN
2025-06-13T15:57:26.0649399Z - machine3/temperature: 31.94
2025-06-13T15:57:26.0652842Z - machine3/vibration: 0.64
2025-06-13T15:57:26.0655087Z - machine3/pressure: 74.47
2025-06-13T15:57:26.0657273Z - machine3/humidity: 40.06
2025-06-13T15:57:26.0658929Z - machine3/rpm: 2605
2025-06-13T15:57:26.0661688Z - machine3/status: OK
2025-06-13T15:57:36.0704934Z - machine3/temperature: 74.61
2025-06-13T15:57:36.0707084Z - machine3/vibration: 2.99
2025-06-13T15:57:36.0708856Z - machine3/pressure: 96.16
2025-06-13T15:57:36.0711266Z - machine3/humidity: 39.03
2025-06-13T15:57:36.0714987Z - machine3/rpm: 504
2025-06-13T15:57:36.0717555Z - machine3/status: WARN
2025-06-13T15:57:46.1033371Z - machine3/temperature: 50.73
2025-06-13T15:57:46.1042294Z - machine3/vibration: 2.89
2025-06-13T15:57:46.1059290Z - machine3/pressure: 49.40
2025-06-13T15:57:46.1066188Z - machine3/humidity: 31.02
2025-06-13T15:57:46.1070021Z - machine3/rpm: 1508
2025-06-13T15:57:46.1072764Z - machine3/status: WARN
2025-06-13T15:57:56.1017154Z - machine3/temperature: 91.94
2025-06-13T15:57:56.1018525Z - machine3/vibration: 2.35
2025-06-13T15:57:56.1019500Z - machine3/pressure: 35.22
2025-06-13T15:57:56.1020577Z - machine3/humidity: 57.34
2025-06-13T15:57:56.1026875Z - machine3/rpm: 2366
2025-06-13T15:57:56.1030286Z - machine3/status: OK
2025-06-13T15:58:06.1051179Z - machine3/temperature: 27.31
2025-06-13T15:58:06.1054429Z - machine3/vibration: 1.67
2025-06-13T15:58:06.1057363Z - machine3/pressure: 75.50
2025-06-13T15:58:06.1064635Z - machine3/humidity: 44.02
2025-06-13T15:58:06.1069614Z - machine3/rpm: 1584
2025-06-13T15:58:06.1071007Z - machine3/status: WARN
2025-06-13T15:58:16.1149050Z - machine3/temperature: 82.85
2025-06-13T15:58:16.1154223Z - machine3/vibration: 2.47
2025-06-13T15:58:16.1158475Z - machine3/pressure: 87.81
2025-06-13T15:58:16.1164223Z - machine3/humidity: 62.83
2025-06-13T15:58:16.1168947Z - machine3/rpm: 1498
2025-06-13T15:58:16.1172516Z - machine3/status: ERROR
2025-06-13T15:58:26.1452788Z - machine3/temperature: 46.83
2025-06-13T15:58:26.1471826Z - machine3/vibration: 3.88
2025-06-13T15:58:26.1489063Z - machine3/pressure: 58.04
2025-06-13T15:58:26.1492921Z - machine3/humidity: 21.87
2025-06-13T15:58:26.1495140Z - machine3/rpm: 621
2025-06-13T15:58:26.1496707Z - machine3/status: OK
2025-06-13T15:58:36.1554395Z - machine3/temperature: 32.72
2025-06-13T15:58:36.1556760Z - machine3/vibration: 3.19
2025-06-13T15:58:36.1559683Z - machine3/pressure: 87.52
2025-06-13T15:58:36.1563235Z - machine3/humidity: 49.56
2025-06-13T15:58:36.1566809Z - machine3/rpm: 2708
2025-06-13T15:58:36.1569330Z - machine3/status: OK
2025-06-13T15:58:46.1607330Z - machine3/temperature: 43.21
2025-06-13T15:58:46.1611133Z - machine3/vibration: 2.23
2025-06-13T15:58:46.1613608Z - machine3/pressure: 58.42
2025-06-13T15:58:46.1615679Z - machine3/humidity: 51.91
2025-06-13T15:58:46.1617817Z - machine3/rpm: 1684
2025-06-13T15:58:46.1619390Z - machine3/status: OK
2025-06-13T15:58:56.1861239Z - machine3/temperature: 98.53
2025-06-13T15:58:56.1868280Z - machine3/vibration: 1.20
2025-06-13T15:58:56.1904788Z - machine3/pressure: 117.89
2025-06-13T15:58:56.1920339Z - machine3/humidity: 23.43
2025-06-13T15:58:56.1934603Z - machine3/rpm: 1208
2025-06-13T15:58:56.1941405Z - machine3/status: OK
2025-06-13T15:59:06.1977385Z - machine3/temperature: 20.61
2025-06-13T15:59:06.1982604Z - machine3/vibration: 0.95
2025-06-13T15:59:06.1984450Z - machine3/pressure: 48.20
2025-06-13T15:59:06.1985512Z - machine3/humidity: 66.19
2025-06-13T15:59:06.1986866Z - machine3/rpm: 1083
2025-06-13T15:59:06.1989526Z - machine3/status: OK
2025-06-13T15:59:16.2110429Z - machine3/temperature: 72.75
2025-06-13T15:59:16.2112501Z - machine3/vibration: 2.00
2025-06-13T15:59:16.2114179Z - machine3/pressure: 73.21
2025-06-13T15:59:16.2115816Z - machine3/humidity: 38.69
2025-06-13T15:59:16.2117050Z - machine3/rpm: 1368
2025-06-13T15:59:16.2118587Z - machine3/status: OK
2025-06-13T15:59:26.2113503Z - machine3/temperature: 65.86
2025-06-13T15:59:26.2118107Z - machine3/vibration: 2.33
2025-06-13T15:59:26.2120333Z - machine3/pressure: 62.32
2025-06-13T15:59:26.2122065Z - machine3/humidity: 71.95
2025-06-13T15:59:26.2126875Z - machine3/rpm: 2302
2025-06-13T15:59:26.2130702Z - machine3/status: OK
2025-06-13T15:59:36.2495091Z - machine3/temperature: 29.94
2025-06-13T15:59:36.2503227Z - machine3/vibration: 1.67
2025-06-13T15:59:36.2509605Z - machine3/pressure: 116.04
2025-06-13T15:59:36.2516306Z - machine3/humidity: 21.51
2025-06-13T15:59:36.2524042Z - machine3/rpm: 1550
2025-06-13T15:59:36.2544660Z - machine3/status: ERROR
2025-06-13T15:59:46.2473980Z - machine3/temperature: 24.04
2025-06-13T15:59:46.2477507Z - machine3/vibration: 2.70
2025-06-13T15:59:46.2479926Z - machine3/pressure: 64.47
2025-06-13T15:59:46.2482172Z - machine3/humidity: 20.69
2025-06-13T15:59:46.2484624Z - machine3/rpm: 1339
2025-06-13T15:59:46.2486489Z - machine3/status: WARN
2025-06-13T15:59:56.2628243Z - machine3/temperature: 54.50
2025-06-13T15:59:56.2631161Z - machine3/vibration: 4.60
2025-06-13T15:59:56.2633557Z - machine3/pressure: 52.10
2025-06-13T15:59:56.2639822Z - machine3/humidity: 76.07
2025-06-13T15:59:56.2645857Z - machine3/rpm: 1348
2025-06-13T15:59:56.2650798Z - machine3/status: OK
