2025-06-13T15:39:24.7696984Z - machine2/temperature: 60.02
2025-06-13T15:39:24.7698842Z - machine2/vibration: 1.96
2025-06-13T15:39:24.7702143Z - machine2/pressure: 44.23
2025-06-13T15:39:24.7705770Z - machine2/humidity: 24.11
2025-06-13T15:39:24.7709066Z - machine2/rpm: 2336
2025-06-13T15:39:24.7712458Z - machine2/status: OK
2025-06-13T15:39:34.7407496Z - machine2/temperature: 77.92
2025-06-13T15:39:34.7413490Z - machine2/vibration: 4.80
2025-06-13T15:39:34.7418061Z - machine2/pressure: 63.05
2025-06-13T15:39:34.7423014Z - machine2/humidity: 69.68
2025-06-13T15:39:34.7427261Z - machine2/rpm: 1385
2025-06-13T15:39:34.7431611Z - machine2/status: ERROR
2025-06-13T15:39:44.7452528Z - machine2/temperature: 36.72
2025-06-13T15:39:44.7461518Z - machine2/vibration: 1.25
2025-06-13T15:39:44.7463086Z - machine2/pressure: 82.53
2025-06-13T15:39:44.7464198Z - machine2/humidity: 40.37
2025-06-13T15:39:44.7465252Z - machine2/rpm: 1978
2025-06-13T15:39:44.7469923Z - machine2/status: OK
2025-06-13T15:39:54.7503762Z - machine2/temperature: 76.21
2025-06-13T15:39:54.7505390Z - machine2/vibration: 3.24
2025-06-13T15:39:54.7507278Z - machine2/pressure: 85.73
2025-06-13T15:39:54.7508416Z - machine2/humidity: 63.93
2025-06-13T15:39:54.7509444Z - machine2/rpm: 2227
2025-06-13T15:39:54.7512210Z - machine2/status: OK
2025-06-13T15:40:04.7617415Z - machine2/temperature: 50.67
2025-06-13T15:40:04.7629509Z - machine2/vibration: 2.23
2025-06-13T15:40:04.7637923Z - machine2/pressure: 89.75
2025-06-13T15:40:04.7644380Z - machine2/humidity: 78.26
2025-06-13T15:40:04.7659998Z - machine2/rpm: 1460
2025-06-13T15:40:04.7666703Z - machine2/status: OK
2025-06-13T15:40:14.7625686Z - machine2/temperature: 25.23
2025-06-13T15:40:14.7632718Z - machine2/vibration: 2.59
2025-06-13T15:40:14.7637477Z - machine2/pressure: 68.55
2025-06-13T15:40:14.7642721Z - machine2/humidity: 74.79
2025-06-13T15:40:14.7646923Z - machine2/rpm: 2820
2025-06-13T15:40:14.7650153Z - machine2/status: OK
2025-06-13T15:40:24.7932372Z - machine2/temperature: 47.06
2025-06-13T15:40:24.7944938Z - machine2/vibration: 1.15
2025-06-13T15:40:24.7954258Z - machine2/pressure: 31.07
2025-06-13T15:40:24.7973326Z - machine2/humidity: 40.02
2025-06-13T15:40:24.7977841Z - machine2/rpm: 1150
2025-06-13T15:40:24.7984705Z - machine2/status: OK
2025-06-13T15:40:34.8062398Z - machine2/temperature: 26.39
2025-06-13T15:40:34.8063894Z - machine2/vibration: 0.58
2025-06-13T15:40:34.8064989Z - machine2/pressure: 112.53
2025-06-13T15:40:34.8066128Z - machine2/humidity: 36.96
2025-06-13T15:40:34.8067355Z - machine2/rpm: 2500
2025-06-13T15:40:34.8068540Z - machine2/status: OK
2025-06-13T15:40:44.8271727Z - machine2/temperature: 65.57
2025-06-13T15:40:44.8279311Z - machine2/vibration: 2.46
2025-06-13T15:40:44.8293800Z - machine2/pressure: 39.30
2025-06-13T15:40:44.8310913Z - machine2/humidity: 74.42
2025-06-13T15:40:44.8320077Z - machine2/rpm: 2131
2025-06-13T15:40:44.8329046Z - machine2/status: OK
2025-06-13T15:40:54.8263432Z - machine2/temperature: 87.22
2025-06-13T15:40:54.8268462Z - machine2/vibration: 3.90
2025-06-13T15:40:54.8275386Z - machine2/pressure: 82.13
2025-06-13T15:40:54.8295592Z - machine2/humidity: 64.09
2025-06-13T15:40:54.8312560Z - machine2/rpm: 2534
2025-06-13T15:40:54.8323544Z - machine2/status: OK
2025-06-13T15:41:04.8387202Z - machine2/temperature: 49.94
2025-06-13T15:41:04.8389659Z - machine2/vibration: 1.06
2025-06-13T15:41:04.8392008Z - machine2/pressure: 44.98
2025-06-13T15:41:04.8396735Z - machine2/humidity: 50.57
2025-06-13T15:41:04.8400702Z - machine2/rpm: 2405
2025-06-13T15:41:04.8410487Z - machine2/status: OK
2025-06-13T15:41:14.8417118Z - machine2/temperature: 82.14
2025-06-13T15:41:14.8419834Z - machine2/vibration: 4.66
2025-06-13T15:41:14.8422425Z - machine2/pressure: 36.06
2025-06-13T15:41:14.8425192Z - machine2/humidity: 56.82
2025-06-13T15:41:14.8427231Z - machine2/rpm: 1291
2025-06-13T15:41:14.8428230Z - machine2/status: OK
2025-06-13T15:41:24.8541937Z - machine2/temperature: 22.49
2025-06-13T15:41:24.8547738Z - machine2/vibration: 3.61
2025-06-13T15:41:24.8551164Z - machine2/pressure: 47.97
2025-06-13T15:41:24.8554562Z - machine2/humidity: 53.29
2025-06-13T15:41:24.8556692Z - machine2/rpm: 2579
2025-06-13T15:41:24.8562024Z - machine2/status: OK
2025-06-13T15:41:34.8695410Z - machine2/temperature: 78.38
2025-06-13T15:41:34.8700779Z - machine2/vibration: 3.08
2025-06-13T15:41:34.8710146Z - machine2/pressure: 97.33
2025-06-13T15:41:34.8725115Z - machine2/humidity: 44.36
2025-06-13T15:41:34.8736594Z - machine2/rpm: 2923
2025-06-13T15:41:34.8751277Z - machine2/status: OK
2025-06-13T15:41:44.8894689Z - machine2/temperature: 43.87
2025-06-13T15:41:44.8910977Z - machine2/vibration: 2.67
2025-06-13T15:41:44.8936981Z - machine2/pressure: 66.08
2025-06-13T15:41:44.8945004Z - machine2/humidity: 71.13
2025-06-13T15:41:44.8950921Z - machine2/rpm: 697
2025-06-13T15:41:44.8961164Z - machine2/status: WARN
2025-06-13T15:41:54.8965549Z - machine2/temperature: 59.53
2025-06-13T15:41:54.8975680Z - machine2/vibration: 1.45
2025-06-13T15:41:54.8982988Z - machine2/pressure: 103.34
2025-06-13T15:41:54.8992941Z - machine2/humidity: 45.02
2025-06-13T15:41:54.8998261Z - machine2/rpm: 2771
2025-06-13T15:41:54.9003430Z - machine2/status: OK
2025-06-13T15:42:04.9035188Z - machine2/temperature: 72.71
2025-06-13T15:42:04.9037422Z - machine2/vibration: 0.87
2025-06-13T15:42:04.9039054Z - machine2/pressure: 52.50
2025-06-13T15:42:04.9044148Z - machine2/humidity: 52.87
2025-06-13T15:42:04.9045707Z - machine2/rpm: 1749
2025-06-13T15:42:04.9049144Z - machine2/status: OK
2025-06-13T15:42:14.9226129Z - machine2/temperature: 25.05
2025-06-13T15:42:14.9231167Z - machine2/vibration: 2.54
2025-06-13T15:42:14.9235034Z - machine2/pressure: 61.64
2025-06-13T15:42:14.9243285Z - machine2/humidity: 66.85
2025-06-13T15:42:14.9247853Z - machine2/rpm: 2365
2025-06-13T15:42:14.9250475Z - machine2/status: WARN
2025-06-13T15:42:24.9333916Z - machine2/temperature: 65.12
2025-06-13T15:42:24.9351005Z - machine2/vibration: 4.05
2025-06-13T15:42:24.9359506Z - machine2/pressure: 91.43
2025-06-13T15:42:24.9370106Z - machine2/humidity: 28.97
2025-06-13T15:42:24.9374598Z - machine2/rpm: 1696
2025-06-13T15:42:24.9378134Z - machine2/status: OK
2025-06-13T15:42:34.9441207Z - machine2/temperature: 87.11
2025-06-13T15:42:34.9444516Z - machine2/vibration: 3.66
2025-06-13T15:42:34.9449489Z - machine2/pressure: 31.98
2025-06-13T15:42:34.9453440Z - machine2/humidity: 62.14
2025-06-13T15:42:34.9455544Z - machine2/rpm: 2671
2025-06-13T15:42:34.9456590Z - machine2/status: OK
2025-06-13T15:42:44.9678798Z - machine2/temperature: 47.82
2025-06-13T15:42:44.9693595Z - machine2/vibration: 0.77
2025-06-13T15:42:44.9702005Z - machine2/pressure: 50.16
2025-06-13T15:42:44.9710118Z - machine2/humidity: 55.80
2025-06-13T15:42:44.9716131Z - machine2/rpm: 2684
2025-06-13T15:42:44.9721702Z - machine2/status: OK
2025-06-13T15:42:54.9769015Z - machine2/temperature: 85.82
2025-06-13T15:42:54.9771788Z - machine2/vibration: 1.07
2025-06-13T15:42:54.9785542Z - machine2/pressure: 35.00
2025-06-13T15:42:54.9791080Z - machine2/humidity: 24.09
2025-06-13T15:42:54.9794658Z - machine2/rpm: 546
2025-06-13T15:42:54.9801126Z - machine2/status: OK
2025-06-13T15:43:04.9810100Z - machine2/temperature: 24.69
2025-06-13T15:43:04.9811482Z - machine2/vibration: 3.49
2025-06-13T15:43:04.9812801Z - machine2/pressure: 41.20
2025-06-13T15:43:04.9813897Z - machine2/humidity: 69.46
2025-06-13T15:43:04.9815030Z - machine2/rpm: 2358
2025-06-13T15:43:04.9815938Z - machine2/status: OK
2025-06-13T15:43:14.9865663Z - machine2/temperature: 86.69
2025-06-13T15:43:14.9867398Z - machine2/vibration: 1.69
2025-06-13T15:43:14.9868864Z - machine2/pressure: 97.89
2025-06-13T15:43:14.9871408Z - machine2/humidity: 67.78
2025-06-13T15:43:14.9873717Z - machine2/rpm: 2404
2025-06-13T15:43:14.9875128Z - machine2/status: OK
2025-06-13T15:43:24.9990123Z - machine2/temperature: 92.58
2025-06-13T15:43:24.9992609Z - machine2/vibration: 2.45
2025-06-13T15:43:24.9994829Z - machine2/pressure: 51.54
2025-06-13T15:43:24.9997015Z - machine2/humidity: 56.87
2025-06-13T15:43:24.9999599Z - machine2/rpm: 2381
2025-06-13T15:43:25.0000980Z - machine2/status: OK
2025-06-13T15:43:35.0111113Z - machine2/temperature: 51.83
2025-06-13T15:43:35.0114723Z - machine2/vibration: 1.24
2025-06-13T15:43:35.0129947Z - machine2/pressure: 112.12
2025-06-13T15:43:35.0146291Z - machine2/humidity: 54.20
2025-06-13T15:43:35.0156613Z - machine2/rpm: 920
2025-06-13T15:43:35.0167090Z - machine2/status: OK
2025-06-13T15:43:45.0192707Z - machine2/temperature: 53.08
2025-06-13T15:43:45.0206570Z - machine2/vibration: 2.05
2025-06-13T15:43:45.0223816Z - machine2/pressure: 103.39
2025-06-13T15:43:45.0229738Z - machine2/humidity: 36.25
2025-06-13T15:43:45.0234362Z - machine2/rpm: 1130
2025-06-13T15:43:45.0238494Z - machine2/status: OK
2025-06-13T15:43:55.0340339Z - machine2/temperature: 37.35
2025-06-13T15:43:55.0343845Z - machine2/vibration: 0.35
2025-06-13T15:43:55.0346443Z - machine2/pressure: 66.34
2025-06-13T15:43:55.0350690Z - machine2/humidity: 31.29
2025-06-13T15:43:55.0353268Z - machine2/rpm: 1224
2025-06-13T15:43:55.0355525Z - machine2/status: OK
2025-06-13T15:44:05.0577726Z - machine2/temperature: 39.79
2025-06-13T15:44:05.0580581Z - machine2/vibration: 3.33
2025-06-13T15:44:05.0584921Z - machine2/pressure: 58.20
2025-06-13T15:44:05.0589400Z - machine2/humidity: 46.60
2025-06-13T15:44:05.0593294Z - machine2/rpm: 1624
2025-06-13T15:44:05.0599310Z - machine2/status: OK
2025-06-13T15:44:15.0677154Z - machine2/temperature: 68.03
2025-06-13T15:44:15.0686747Z - machine2/vibration: 1.60
2025-06-13T15:44:15.0693613Z - machine2/pressure: 44.84
2025-06-13T15:44:15.0699530Z - machine2/humidity: 78.27
2025-06-13T15:44:15.0711604Z - machine2/rpm: 548
2025-06-13T15:44:15.0716808Z - machine2/status: OK
2025-06-13T15:44:25.0775838Z - machine2/temperature: 73.44
2025-06-13T15:44:25.0818844Z - machine2/vibration: 0.74
2025-06-13T15:44:25.0865079Z - machine2/pressure: 119.84
2025-06-13T15:44:25.0876686Z - machine2/humidity: 51.11
2025-06-13T15:44:25.0889816Z - machine2/rpm: 1773
2025-06-13T15:44:25.0897452Z - machine2/status: OK
2025-06-13T15:44:35.0951352Z - machine2/temperature: 52.59
2025-06-13T15:44:35.0955776Z - machine2/vibration: 4.43
2025-06-13T15:44:35.0960616Z - machine2/pressure: 38.38
2025-06-13T15:44:35.0974969Z - machine2/humidity: 29.04
2025-06-13T15:44:35.0985651Z - machine2/rpm: 1432
2025-06-13T15:44:35.0990751Z - machine2/status: ERROR
2025-06-13T15:44:45.1158194Z - machine2/temperature: 42.07
2025-06-13T15:44:45.1167696Z - machine2/vibration: 3.14
2025-06-13T15:44:45.1176602Z - machine2/pressure: 119.78
2025-06-13T15:44:45.1190386Z - machine2/humidity: 75.55
2025-06-13T15:44:45.1201137Z - machine2/rpm: 598
2025-06-13T15:44:45.1214326Z - machine2/status: OK
2025-06-13T15:44:55.1259158Z - machine2/temperature: 37.59
2025-06-13T15:44:55.1266418Z - machine2/vibration: 4.02
2025-06-13T15:44:55.1271638Z - machine2/pressure: 31.10
2025-06-13T15:44:55.1282781Z - machine2/humidity: 51.07
2025-06-13T15:44:55.1292307Z - machine2/rpm: 1738
2025-06-13T15:44:55.1305713Z - machine2/status: ERROR
2025-06-13T15:45:05.1319823Z - machine2/temperature: 85.93
2025-06-13T15:45:05.1321049Z - machine2/vibration: 2.10
2025-06-13T15:45:05.1323030Z - machine2/pressure: 44.40
2025-06-13T15:45:05.1324260Z - machine2/humidity: 49.14
2025-06-13T15:45:05.1325531Z - machine2/rpm: 1333
2025-06-13T15:45:05.1329779Z - machine2/status: OK
2025-06-13T15:45:15.1397793Z - machine2/temperature: 48.05
2025-06-13T15:45:15.1403282Z - machine2/vibration: 1.12
2025-06-13T15:45:15.1411546Z - machine2/pressure: 109.32
2025-06-13T15:45:15.1417044Z - machine2/humidity: 22.96
2025-06-13T15:45:15.1420390Z - machine2/rpm: 2722
2025-06-13T15:45:15.1424992Z - machine2/status: OK
2025-06-13T15:45:25.1472219Z - machine2/temperature: 64.12
2025-06-13T15:45:25.1479227Z - machine2/vibration: 0.53
2025-06-13T15:45:25.1486332Z - machine2/pressure: 111.38
2025-06-13T15:45:25.1492148Z - machine2/humidity: 61.35
2025-06-13T15:45:25.1498446Z - machine2/rpm: 1361
2025-06-13T15:45:25.1503738Z - machine2/status: OK
2025-06-13T15:45:35.1526800Z - machine2/temperature: 69.76
2025-06-13T15:45:35.1530538Z - machine2/vibration: 4.40
2025-06-13T15:45:35.1535176Z - machine2/pressure: 47.19
2025-06-13T15:45:35.1537477Z - machine2/humidity: 32.20
2025-06-13T15:45:35.1539680Z - machine2/rpm: 1239
2025-06-13T15:45:35.1540857Z - machine2/status: OK
2025-06-13T15:45:45.1572833Z - machine2/temperature: 71.43
2025-06-13T15:45:45.1575569Z - machine2/vibration: 3.44
2025-06-13T15:45:45.1577274Z - machine2/pressure: 52.81
2025-06-13T15:45:45.1578957Z - machine2/humidity: 73.58
2025-06-13T15:45:45.1581781Z - machine2/rpm: 1801
2025-06-13T15:45:45.1584123Z - machine2/status: OK
2025-06-13T15:45:55.1651810Z - machine2/temperature: 59.96
2025-06-13T15:45:55.1663716Z - machine2/vibration: 2.87
2025-06-13T15:45:55.1666709Z - machine2/pressure: 93.31
2025-06-13T15:45:55.1669045Z - machine2/humidity: 24.01
2025-06-13T15:45:55.1671526Z - machine2/rpm: 2437
2025-06-13T15:45:55.1673321Z - machine2/status: OK
2025-06-13T15:46:05.1682393Z - machine2/temperature: 37.87
2025-06-13T15:46:05.1685697Z - machine2/vibration: 3.73
2025-06-13T15:46:05.1689417Z - machine2/pressure: 56.62
2025-06-13T15:46:05.1691554Z - machine2/humidity: 50.05
2025-06-13T15:46:05.1694198Z - machine2/rpm: 2866
2025-06-13T15:46:05.1697847Z - machine2/status: OK
2025-06-13T15:46:15.1824699Z - machine2/temperature: 50.89
2025-06-13T15:46:15.1826469Z - machine2/vibration: 4.75
2025-06-13T15:46:15.1829303Z - machine2/pressure: 68.44
2025-06-13T15:46:15.1840860Z - machine2/humidity: 76.32
2025-06-13T15:46:15.1860068Z - machine2/rpm: 1758
2025-06-13T15:46:15.1864033Z - machine2/status: OK
2025-06-13T15:46:25.2053253Z - machine2/temperature: 29.34
2025-06-13T15:46:25.2062313Z - machine2/vibration: 0.58
2025-06-13T15:46:25.2074833Z - machine2/pressure: 68.49
2025-06-13T15:46:25.2082478Z - machine2/humidity: 38.72
2025-06-13T15:46:25.2088556Z - machine2/rpm: 655
2025-06-13T15:46:25.2093559Z - machine2/status: OK
2025-06-13T15:46:35.2181334Z - machine2/temperature: 66.17
2025-06-13T15:46:35.2184283Z - machine2/vibration: 2.54
2025-06-13T15:46:35.2187146Z - machine2/pressure: 114.70
2025-06-13T15:46:35.2191061Z - machine2/humidity: 75.24
2025-06-13T15:46:35.2194246Z - machine2/rpm: 1545
2025-06-13T15:46:35.2199429Z - machine2/status: OK
2025-06-13T15:46:45.2466202Z - machine2/temperature: 94.67
2025-06-13T15:46:45.2472901Z - machine2/vibration: 4.75
2025-06-13T15:46:45.2478504Z - machine2/pressure: 37.10
2025-06-13T15:46:45.2483984Z - machine2/humidity: 47.49
2025-06-13T15:46:45.2496426Z - machine2/rpm: 2012
2025-06-13T15:46:45.2506571Z - machine2/status: OK
2025-06-13T15:46:55.2491330Z - machine2/temperature: 50.32
2025-06-13T15:46:55.2492767Z - machine2/vibration: 0.57
2025-06-13T15:46:55.2497449Z - machine2/pressure: 84.36
2025-06-13T15:46:55.2499304Z - machine2/humidity: 68.42
2025-06-13T15:46:55.2502528Z - machine2/rpm: 1981
2025-06-13T15:46:55.2504825Z - machine2/status: OK
2025-06-13T15:47:05.2538576Z - machine2/temperature: 98.52
2025-06-13T15:47:05.2541665Z - machine2/vibration: 4.12
2025-06-13T15:47:05.2543811Z - machine2/pressure: 53.13
2025-06-13T15:47:05.2545872Z - machine2/humidity: 31.96
2025-06-13T15:47:05.2547481Z - machine2/rpm: 2080
2025-06-13T15:47:05.2549104Z - machine2/status: OK
2025-06-13T15:47:15.2590430Z - machine2/temperature: 48.50
2025-06-13T15:47:15.2591974Z - machine2/vibration: 3.44
2025-06-13T15:47:15.2595229Z - machine2/pressure: 54.38
2025-06-13T15:47:15.2596495Z - machine2/humidity: 65.65
2025-06-13T15:47:15.2597650Z - machine2/rpm: 1368
2025-06-13T15:47:15.2598592Z - machine2/status: WARN
2025-06-13T15:47:25.2645181Z - machine2/temperature: 98.40
2025-06-13T15:47:25.2646872Z - machine2/vibration: 3.61
2025-06-13T15:47:25.2648641Z - machine2/pressure: 71.31
2025-06-13T15:47:25.2650691Z - machine2/humidity: 28.61
2025-06-13T15:47:25.2652754Z - machine2/rpm: 2298
2025-06-13T15:47:25.2655091Z - machine2/status: OK
2025-06-13T15:47:35.2865647Z - machine2/temperature: 85.91
2025-06-13T15:47:35.2883536Z - machine2/vibration: 1.30
2025-06-13T15:47:35.2890085Z - machine2/pressure: 79.64
2025-06-13T15:47:35.2893350Z - machine2/humidity: 76.04
2025-06-13T15:47:35.2897465Z - machine2/rpm: 802
2025-06-13T15:47:35.2901733Z - machine2/status: OK
2025-06-13T15:47:45.3009708Z - machine2/temperature: 78.08
2025-06-13T15:47:45.3016283Z - machine2/vibration: 0.92
2025-06-13T15:47:45.3022183Z - machine2/pressure: 119.93
2025-06-13T15:47:45.3027162Z - machine2/humidity: 23.87
2025-06-13T15:47:45.3034922Z - machine2/rpm: 1167
2025-06-13T15:47:45.3040054Z - machine2/status: OK
2025-06-13T15:47:55.3211625Z - machine2/temperature: 25.00
2025-06-13T15:47:55.3233379Z - machine2/vibration: 1.23
2025-06-13T15:47:55.3247325Z - machine2/pressure: 65.34
2025-06-13T15:47:55.3252636Z - machine2/humidity: 75.45
2025-06-13T15:47:55.3265328Z - machine2/rpm: 1418
2025-06-13T15:47:55.3275595Z - machine2/status: OK
2025-06-13T15:48:05.3461132Z - machine2/temperature: 88.12
2025-06-13T15:48:05.3475415Z - machine2/vibration: 3.75
2025-06-13T15:48:05.3488833Z - machine2/pressure: 62.08
2025-06-13T15:48:05.3504528Z - machine2/humidity: 77.78
2025-06-13T15:48:05.3513081Z - machine2/rpm: 2222
2025-06-13T15:48:05.3526656Z - machine2/status: OK
2025-06-13T15:48:15.3626276Z - machine2/temperature: 63.46
2025-06-13T15:48:15.3632675Z - machine2/vibration: 1.88
2025-06-13T15:48:15.3638511Z - machine2/pressure: 55.11
2025-06-13T15:48:15.3642807Z - machine2/humidity: 72.03
2025-06-13T15:48:15.3653532Z - machine2/rpm: 716
2025-06-13T15:48:15.3659093Z - machine2/status: OK
2025-06-13T15:48:25.3728499Z - machine2/temperature: 86.43
2025-06-13T15:48:25.3735794Z - machine2/vibration: 2.10
2025-06-13T15:48:25.3740125Z - machine2/pressure: 50.63
2025-06-13T15:48:25.3743621Z - machine2/humidity: 75.71
2025-06-13T15:48:25.3745409Z - machine2/rpm: 1580
2025-06-13T15:48:25.3746759Z - machine2/status: WARN
2025-06-13T15:48:35.3959219Z - machine2/temperature: 79.60
2025-06-13T15:48:35.3968400Z - machine2/vibration: 1.55
2025-06-13T15:48:35.3977634Z - machine2/pressure: 40.17
2025-06-13T15:48:35.3983927Z - machine2/humidity: 46.14
2025-06-13T15:48:35.3990945Z - machine2/rpm: 2935
2025-06-13T15:48:35.3995612Z - machine2/status: OK
2025-06-13T15:48:45.4048069Z - machine2/temperature: 42.01
2025-06-13T15:48:45.4056267Z - machine2/vibration: 4.68
2025-06-13T15:48:45.4062074Z - machine2/pressure: 85.59
2025-06-13T15:48:45.4065258Z - machine2/humidity: 78.20
2025-06-13T15:48:45.4069699Z - machine2/rpm: 1817
2025-06-13T15:48:45.4072335Z - machine2/status: OK
2025-06-13T15:48:55.4231234Z - machine2/temperature: 52.88
2025-06-13T15:48:55.4243637Z - machine2/vibration: 2.63
2025-06-13T15:48:55.4249184Z - machine2/pressure: 45.25
2025-06-13T15:48:55.4251486Z - machine2/humidity: 53.05
2025-06-13T15:48:55.4256111Z - machine2/rpm: 2363
2025-06-13T15:48:55.4261090Z - machine2/status: OK
2025-06-13T15:49:05.4376824Z - machine2/temperature: 44.94
2025-06-13T15:49:05.4385833Z - machine2/vibration: 4.68
2025-06-13T15:49:05.4392007Z - machine2/pressure: 81.17
2025-06-13T15:49:05.4399231Z - machine2/humidity: 67.23
2025-06-13T15:49:05.4408683Z - machine2/rpm: 1342
2025-06-13T15:49:05.4419082Z - machine2/status: OK
2025-06-13T15:49:15.4455377Z - machine2/temperature: 20.52
2025-06-13T15:49:15.4469092Z - machine2/vibration: 3.58
2025-06-13T15:49:15.4477185Z - machine2/pressure: 55.78
2025-06-13T15:49:15.4489423Z - machine2/humidity: 52.57
2025-06-13T15:49:15.4495500Z - machine2/rpm: 823
2025-06-13T15:49:15.4505372Z - machine2/status: OK
2025-06-13T15:49:25.4685276Z - machine2/temperature: 26.22
2025-06-13T15:49:25.4700431Z - machine2/vibration: 2.45
2025-06-13T15:49:25.4717636Z - machine2/pressure: 54.02
2025-06-13T15:49:25.4729544Z - machine2/humidity: 37.74
2025-06-13T15:49:25.4740886Z - machine2/rpm: 2738
2025-06-13T15:49:25.4751073Z - machine2/status: OK
2025-06-13T15:49:35.4871680Z - machine2/temperature: 98.22
2025-06-13T15:49:35.4879328Z - machine2/vibration: 1.83
2025-06-13T15:49:35.4886013Z - machine2/pressure: 44.60
2025-06-13T15:49:35.4888774Z - machine2/humidity: 59.78
2025-06-13T15:49:35.4891595Z - machine2/rpm: 1011
2025-06-13T15:49:35.4895665Z - machine2/status: OK
2025-06-13T15:49:45.4989293Z - machine2/temperature: 94.59
2025-06-13T15:49:45.4993255Z - machine2/vibration: 0.96
2025-06-13T15:49:45.4996175Z - machine2/pressure: 109.65
2025-06-13T15:49:45.4998860Z - machine2/humidity: 59.56
2025-06-13T15:49:45.5001230Z - machine2/rpm: 2487
2025-06-13T15:49:45.5004153Z - machine2/status: OK
2025-06-13T15:49:55.5227273Z - machine2/temperature: 60.19
2025-06-13T15:49:55.5237824Z - machine2/vibration: 2.78
2025-06-13T15:49:55.5247691Z - machine2/pressure: 41.29
2025-06-13T15:49:55.5252664Z - machine2/humidity: 43.17
2025-06-13T15:49:55.5263043Z - machine2/rpm: 2966
2025-06-13T15:49:55.5284752Z - machine2/status: OK
2025-06-13T15:50:05.5345400Z - machine2/temperature: 56.78
2025-06-13T15:50:05.5353849Z - machine2/vibration: 4.84
2025-06-13T15:50:05.5365621Z - machine2/pressure: 58.28
2025-06-13T15:50:05.5375791Z - machine2/humidity: 60.61
2025-06-13T15:50:05.5382370Z - machine2/rpm: 1256
2025-06-13T15:50:05.5390498Z - machine2/status: WARN
2025-06-13T15:50:15.5461950Z - machine2/temperature: 83.39
2025-06-13T15:50:15.5463820Z - machine2/vibration: 2.22
2025-06-13T15:50:15.5468296Z - machine2/pressure: 118.87
2025-06-13T15:50:15.5478743Z - machine2/humidity: 55.49
2025-06-13T15:50:15.5487520Z - machine2/rpm: 2409
2025-06-13T15:50:15.5503492Z - machine2/status: OK
2025-06-13T15:50:25.5760549Z - machine2/temperature: 75.76
2025-06-13T15:50:25.5775034Z - machine2/vibration: 4.08
2025-06-13T15:50:25.5786502Z - machine2/pressure: 82.51
2025-06-13T15:50:25.5795313Z - machine2/humidity: 26.00
2025-06-13T15:50:25.5802581Z - machine2/rpm: 1286
2025-06-13T15:50:25.5809404Z - machine2/status: WARN
2025-06-13T15:50:35.5829549Z - machine2/temperature: 36.87
2025-06-13T15:50:35.5835959Z - machine2/vibration: 3.63
2025-06-13T15:50:35.5842694Z - machine2/pressure: 33.22
2025-06-13T15:50:35.5848401Z - machine2/humidity: 59.37
2025-06-13T15:50:35.5854211Z - machine2/rpm: 1575
2025-06-13T15:50:35.5862356Z - machine2/status: OK
2025-06-13T15:50:45.5852165Z - machine2/temperature: 97.54
2025-06-13T15:50:45.5853459Z - machine2/vibration: 0.20
2025-06-13T15:50:45.5854468Z - machine2/pressure: 67.11
2025-06-13T15:50:45.5855610Z - machine2/humidity: 42.44
2025-06-13T15:50:45.5856987Z - machine2/rpm: 546
2025-06-13T15:50:45.5858420Z - machine2/status: OK
2025-06-13T15:50:55.5939555Z - machine2/temperature: 66.33
2025-06-13T15:50:55.5941959Z - machine2/vibration: 3.36
2025-06-13T15:50:55.5945664Z - machine2/pressure: 68.54
2025-06-13T15:50:55.5949538Z - machine2/humidity: 29.96
2025-06-13T15:50:55.5954915Z - machine2/rpm: 1104
2025-06-13T15:50:55.5957427Z - machine2/status: OK
2025-06-13T15:51:05.5983030Z - machine2/temperature: 35.32
2025-06-13T15:51:05.5986524Z - machine2/vibration: 1.69
2025-06-13T15:51:05.5990610Z - machine2/pressure: 84.63
2025-06-13T15:51:05.5993285Z - machine2/humidity: 32.56
2025-06-13T15:51:05.6000687Z - machine2/rpm: 2935
2025-06-13T15:51:05.6002686Z - machine2/status: OK
2025-06-13T15:51:15.6050879Z - machine2/temperature: 57.90
2025-06-13T15:51:15.6051932Z - machine2/vibration: 3.15
2025-06-13T15:51:15.6053485Z - machine2/pressure: 51.53
2025-06-13T15:51:15.6054516Z - machine2/humidity: 47.92
2025-06-13T15:51:15.6055474Z - machine2/rpm: 2662
2025-06-13T15:51:15.6056406Z - machine2/status: OK
2025-06-13T15:51:25.6318017Z - machine2/temperature: 72.28
2025-06-13T15:51:25.6325845Z - machine2/vibration: 3.85
2025-06-13T15:51:25.6329589Z - machine2/pressure: 91.54
2025-06-13T15:51:25.6336499Z - machine2/humidity: 61.86
2025-06-13T15:51:25.6340166Z - machine2/rpm: 1291
2025-06-13T15:51:25.6343075Z - machine2/status: ERROR
2025-06-13T15:51:35.6393398Z - machine2/temperature: 31.04
2025-06-13T15:51:35.6397118Z - machine2/vibration: 3.75
2025-06-13T15:51:35.6411705Z - machine2/pressure: 66.79
2025-06-13T15:51:35.6449678Z - machine2/humidity: 71.40
2025-06-13T15:51:35.6458255Z - machine2/rpm: 2688
2025-06-13T15:51:35.6472986Z - machine2/status: OK
2025-06-13T15:51:45.6521504Z - machine2/temperature: 49.66
2025-06-13T15:51:45.6523112Z - machine2/vibration: 3.10
2025-06-13T15:51:45.6524551Z - machine2/pressure: 53.93
2025-06-13T15:51:45.6526144Z - machine2/humidity: 69.96
2025-06-13T15:51:45.6527633Z - machine2/rpm: 2134
2025-06-13T15:51:45.6528739Z - machine2/status: OK
2025-06-13T15:51:55.6686727Z - machine2/temperature: 31.31
2025-06-13T15:51:55.6700147Z - machine2/vibration: 0.11
2025-06-13T15:51:55.6706988Z - machine2/pressure: 48.14
2025-06-13T15:51:55.6709871Z - machine2/humidity: 67.96
2025-06-13T15:51:55.6712937Z - machine2/rpm: 2440
2025-06-13T15:51:55.6719056Z - machine2/status: OK
2025-06-13T15:52:05.6748021Z - machine2/temperature: 79.43
2025-06-13T15:52:05.6749625Z - machine2/vibration: 1.36
2025-06-13T15:52:05.6750676Z - machine2/pressure: 67.36
2025-06-13T15:52:05.6752171Z - machine2/humidity: 78.87
2025-06-13T15:52:05.6753886Z - machine2/rpm: 1695
2025-06-13T15:52:05.6755086Z - machine2/status: OK
2025-06-13T15:52:15.7074342Z - machine2/temperature: 60.49
2025-06-13T15:52:15.7086811Z - machine2/vibration: 2.70
2025-06-13T15:52:15.7096438Z - machine2/pressure: 57.23
2025-06-13T15:52:15.7106986Z - machine2/humidity: 40.14
2025-06-13T15:52:15.7128812Z - machine2/rpm: 2110
2025-06-13T15:52:15.7142989Z - machine2/status: OK
2025-06-13T15:52:25.7160687Z - machine2/temperature: 94.77
2025-06-13T15:52:25.7163982Z - machine2/vibration: 1.36
2025-06-13T15:52:25.7166750Z - machine2/pressure: 41.50
2025-06-13T15:52:25.7169429Z - machine2/humidity: 72.12
2025-06-13T15:52:25.7173532Z - machine2/rpm: 1060
2025-06-13T15:52:25.7179374Z - machine2/status: WARN
2025-06-13T15:52:35.7289114Z - machine2/temperature: 49.44
2025-06-13T15:52:35.7292117Z - machine2/vibration: 1.65
2025-06-13T15:52:35.7295400Z - machine2/pressure: 73.33
2025-06-13T15:52:35.7299861Z - machine2/humidity: 78.60
2025-06-13T15:52:35.7304952Z - machine2/rpm: 2199
2025-06-13T15:52:35.7309867Z - machine2/status: OK
2025-06-13T15:52:45.7418656Z - machine2/temperature: 82.85
2025-06-13T15:52:45.7436734Z - machine2/vibration: 2.50
2025-06-13T15:52:45.7464383Z - machine2/pressure: 40.80
2025-06-13T15:52:45.7472832Z - machine2/humidity: 30.33
2025-06-13T15:52:45.7481128Z - machine2/rpm: 2649
2025-06-13T15:52:45.7484065Z - machine2/status: OK
2025-06-13T15:52:55.7651365Z - machine2/temperature: 99.82
2025-06-13T15:52:55.7665530Z - machine2/vibration: 2.94
2025-06-13T15:52:55.7674285Z - machine2/pressure: 81.98
2025-06-13T15:52:55.7688038Z - machine2/humidity: 24.52
2025-06-13T15:52:55.7696475Z - machine2/rpm: 1799
2025-06-13T15:52:55.7712421Z - machine2/status: OK
2025-06-13T15:53:05.7756941Z - machine2/temperature: 70.20
2025-06-13T15:53:05.7759814Z - machine2/vibration: 4.23
2025-06-13T15:53:05.7762249Z - machine2/pressure: 68.07
2025-06-13T15:53:05.7764437Z - machine2/humidity: 61.52
2025-06-13T15:53:05.7766214Z - machine2/rpm: 1821
2025-06-13T15:53:05.7768099Z - machine2/status: OK
2025-06-13T15:53:15.7766894Z - machine2/temperature: 97.73
2025-06-13T15:53:15.7771218Z - machine2/vibration: 0.79
2025-06-13T15:53:15.7775955Z - machine2/pressure: 62.73
2025-06-13T15:53:15.7779826Z - machine2/humidity: 25.42
2025-06-13T15:53:15.7782055Z - machine2/rpm: 1038
2025-06-13T15:53:15.7784308Z - machine2/status: OK
2025-06-13T15:53:25.7909955Z - machine2/temperature: 56.44
2025-06-13T15:53:25.7928157Z - machine2/vibration: 1.81
2025-06-13T15:53:25.7955287Z - machine2/pressure: 75.81
2025-06-13T15:53:25.7964227Z - machine2/humidity: 71.48
2025-06-13T15:53:25.7971052Z - machine2/rpm: 2501
2025-06-13T15:53:25.7977736Z - machine2/status: OK
2025-06-13T15:53:35.8045155Z - machine2/temperature: 38.08
2025-06-13T15:53:35.8048402Z - machine2/vibration: 4.02
2025-06-13T15:53:35.8053545Z - machine2/pressure: 70.97
2025-06-13T15:53:35.8058075Z - machine2/humidity: 57.93
2025-06-13T15:53:35.8061221Z - machine2/rpm: 2972
2025-06-13T15:53:35.8063063Z - machine2/status: OK
2025-06-13T15:53:45.8164187Z - machine2/temperature: 67.66
2025-06-13T15:53:45.8165757Z - machine2/vibration: 4.52
2025-06-13T15:53:45.8169809Z - machine2/pressure: 52.78
2025-06-13T15:53:45.8182735Z - machine2/humidity: 76.92
2025-06-13T15:53:45.8194926Z - machine2/rpm: 1651
2025-06-13T15:53:45.8207042Z - machine2/status: ERROR
2025-06-13T15:53:55.8495968Z - machine2/temperature: 68.60
2025-06-13T15:53:55.8523926Z - machine2/vibration: 4.77
2025-06-13T15:53:55.8537881Z - machine2/pressure: 61.64
2025-06-13T15:53:55.8548740Z - machine2/humidity: 79.59
2025-06-13T15:53:55.8557286Z - machine2/rpm: 2740
2025-06-13T15:53:55.8561868Z - machine2/status: OK
2025-06-13T15:54:05.8512517Z - machine2/temperature: 28.36
2025-06-13T15:54:05.8515226Z - machine2/vibration: 3.78
2025-06-13T15:54:05.8517622Z - machine2/pressure: 100.92
2025-06-13T15:54:05.8520058Z - machine2/humidity: 48.40
2025-06-13T15:54:05.8524036Z - machine2/rpm: 1388
2025-06-13T15:54:05.8526789Z - machine2/status: OK
2025-06-13T15:54:15.8653095Z - machine2/temperature: 73.03
2025-06-13T15:54:15.8656057Z - machine2/vibration: 0.21
2025-06-13T15:54:15.8657628Z - machine2/pressure: 31.32
2025-06-13T15:54:15.8658796Z - machine2/humidity: 76.24
2025-06-13T15:54:15.8660822Z - machine2/rpm: 2806
2025-06-13T15:54:15.8662987Z - machine2/status: OK
2025-06-13T15:54:25.8708790Z - machine2/temperature: 78.11
2025-06-13T15:54:25.8712852Z - machine2/vibration: 0.19
2025-06-13T15:54:25.8716883Z - machine2/pressure: 71.59
2025-06-13T15:54:25.8720605Z - machine2/humidity: 77.24
2025-06-13T15:54:25.8724300Z - machine2/rpm: 2937
2025-06-13T15:54:25.8727396Z - machine2/status: OK
2025-06-13T15:54:35.8758774Z - machine2/temperature: 40.71
2025-06-13T15:54:35.8760623Z - machine2/vibration: 2.95
2025-06-13T15:54:35.8763183Z - machine2/pressure: 40.09
2025-06-13T15:54:35.8766754Z - machine2/humidity: 35.48
2025-06-13T15:54:35.8768585Z - machine2/rpm: 2690
2025-06-13T15:54:35.8769923Z - machine2/status: OK
2025-06-13T15:54:45.8817674Z - machine2/temperature: 33.69
2025-06-13T15:54:45.8822404Z - machine2/vibration: 0.68
2025-06-13T15:54:45.8827428Z - machine2/pressure: 69.67
2025-06-13T15:54:45.8830797Z - machine2/humidity: 43.25
2025-06-13T15:54:45.8834248Z - machine2/rpm: 558
2025-06-13T15:54:45.8836946Z - machine2/status: WARN
2025-06-13T15:54:55.8897119Z - machine2/temperature: 44.43
2025-06-13T15:54:55.8899168Z - machine2/vibration: 4.02
2025-06-13T15:54:55.8901174Z - machine2/pressure: 108.15
2025-06-13T15:54:55.8915878Z - machine2/humidity: 26.71
2025-06-13T15:54:55.8933127Z - machine2/rpm: 1461
2025-06-13T15:54:55.8948020Z - machine2/status: OK
2025-06-13T15:55:05.8980820Z - machine2/temperature: 47.23
2025-06-13T15:55:05.8983251Z - machine2/vibration: 4.13
2025-06-13T15:55:05.8986087Z - machine2/pressure: 77.09
2025-06-13T15:55:05.8987720Z - machine2/humidity: 33.91
2025-06-13T15:55:05.8989570Z - machine2/rpm: 973
2025-06-13T15:55:05.8991256Z - machine2/status: WARN
2025-06-13T15:55:15.9008409Z - machine2/temperature: 50.33
2025-06-13T15:55:15.9015303Z - machine2/vibration: 1.63
2025-06-13T15:55:15.9021648Z - machine2/pressure: 106.24
2025-06-13T15:55:15.9024984Z - machine2/humidity: 54.21
2025-06-13T15:55:15.9031564Z - machine2/rpm: 1551
2025-06-13T15:55:15.9033299Z - machine2/status: OK
2025-06-13T15:55:25.9087872Z - machine2/temperature: 55.65
2025-06-13T15:55:25.9151529Z - machine2/vibration: 2.34
2025-06-13T15:55:25.9169917Z - machine2/pressure: 32.17
2025-06-13T15:55:25.9188123Z - machine2/humidity: 27.93
2025-06-13T15:55:25.9191922Z - machine2/rpm: 1144
2025-06-13T15:55:25.9198856Z - machine2/status: OK
2025-06-13T15:55:35.9434153Z - machine2/temperature: 52.48
2025-06-13T15:55:35.9496803Z - machine2/vibration: 3.77
2025-06-13T15:55:35.9510664Z - machine2/pressure: 41.32
2025-06-13T15:55:35.9525003Z - machine2/humidity: 76.58
2025-06-13T15:55:35.9532357Z - machine2/rpm: 2810
2025-06-13T15:55:35.9535726Z - machine2/status: OK
2025-06-13T15:55:45.9417697Z - machine2/temperature: 54.22
2025-06-13T15:55:45.9420710Z - machine2/vibration: 4.44
2025-06-13T15:55:45.9422918Z - machine2/pressure: 40.60
2025-06-13T15:55:45.9424409Z - machine2/humidity: 53.75
2025-06-13T15:55:45.9425763Z - machine2/rpm: 1717
2025-06-13T15:55:45.9427199Z - machine2/status: OK
2025-06-13T15:55:55.9533687Z - machine2/temperature: 66.87
2025-06-13T15:55:55.9540160Z - machine2/vibration: 2.05
2025-06-13T15:55:55.9545353Z - machine2/pressure: 51.44
2025-06-13T15:55:55.9553428Z - machine2/humidity: 54.05
2025-06-13T15:55:55.9555057Z - machine2/rpm: 1224
2025-06-13T15:55:55.9556289Z - machine2/status: OK
2025-06-13T15:56:05.9543786Z - machine2/temperature: 62.51
2025-06-13T15:56:05.9545555Z - machine2/vibration: 4.18
2025-06-13T15:56:05.9546752Z - machine2/pressure: 98.48
2025-06-13T15:56:05.9547932Z - machine2/humidity: 65.73
2025-06-13T15:56:05.9548916Z - machine2/rpm: 723
2025-06-13T15:56:05.9551096Z - machine2/status: OK
2025-06-13T15:56:15.9638660Z - machine2/temperature: 77.66
2025-06-13T15:56:15.9640481Z - machine2/vibration: 2.70
2025-06-13T15:56:15.9641767Z - machine2/pressure: 115.49
2025-06-13T15:56:15.9642748Z - machine2/humidity: 22.51
2025-06-13T15:56:15.9643902Z - machine2/rpm: 2044
2025-06-13T15:56:15.9645615Z - machine2/status: OK
2025-06-13T15:56:25.9960664Z - machine2/temperature: 64.21
2025-06-13T15:56:25.9982008Z - machine2/vibration: 4.93
2025-06-13T15:56:26.0002460Z - machine2/pressure: 118.60
2025-06-13T15:56:26.0020195Z - machine2/humidity: 34.05
2025-06-13T15:56:26.0030175Z - machine2/rpm: 1978
2025-06-13T15:56:26.0041519Z - machine2/status: OK
2025-06-13T15:56:36.0050548Z - machine2/temperature: 83.87
2025-06-13T15:56:36.0057253Z - machine2/vibration: 1.94
2025-06-13T15:56:36.0061019Z - machine2/pressure: 87.51
2025-06-13T15:56:36.0063956Z - machine2/humidity: 75.22
2025-06-13T15:56:36.0066974Z - machine2/rpm: 2881
2025-06-13T15:56:36.0069456Z - machine2/status: WARN
2025-06-13T15:56:46.0142520Z - machine2/temperature: 93.97
2025-06-13T15:56:46.0155290Z - machine2/vibration: 3.39
2025-06-13T15:56:46.0162251Z - machine2/pressure: 111.42
2025-06-13T15:56:46.0172933Z - machine2/humidity: 79.94
2025-06-13T15:56:46.0175469Z - machine2/rpm: 795
2025-06-13T15:56:46.0177177Z - machine2/status: OK
2025-06-13T15:56:56.0343017Z - machine2/temperature: 66.36
2025-06-13T15:56:56.0365813Z - machine2/vibration: 3.72
2025-06-13T15:56:56.0371436Z - machine2/pressure: 116.36
2025-06-13T15:56:56.0376683Z - machine2/humidity: 39.21
2025-06-13T15:56:56.0379863Z - machine2/rpm: 1463
2025-06-13T15:56:56.0382382Z - machine2/status: OK
2025-06-13T15:57:06.0367256Z - machine2/temperature: 82.27
2025-06-13T15:57:06.0373876Z - machine2/vibration: 0.92
2025-06-13T15:57:06.0379356Z - machine2/pressure: 72.09
2025-06-13T15:57:06.0386797Z - machine2/humidity: 50.16
2025-06-13T15:57:06.0390114Z - machine2/rpm: 1596
2025-06-13T15:57:06.0398743Z - machine2/status: OK
2025-06-13T15:57:16.0559841Z - machine2/temperature: 31.13
2025-06-13T15:57:16.0574547Z - machine2/vibration: 0.84
2025-06-13T15:57:16.0595408Z - machine2/pressure: 42.48
2025-06-13T15:57:16.0621389Z - machine2/humidity: 56.48
2025-06-13T15:57:16.0641603Z - machine2/rpm: 1284
2025-06-13T15:57:16.0666709Z - machine2/status: OK
2025-06-13T15:57:26.0606951Z - machine2/temperature: 72.78
2025-06-13T15:57:26.0615246Z - machine2/vibration: 2.21
2025-06-13T15:57:26.0617268Z - machine2/pressure: 106.01
2025-06-13T15:57:26.0625466Z - machine2/humidity: 22.62
2025-06-13T15:57:26.0638270Z - machine2/rpm: 1795
2025-06-13T15:57:26.0644705Z - machine2/status: WARN
2025-06-13T15:57:36.0669275Z - machine2/temperature: 38.59
2025-06-13T15:57:36.0675488Z - machine2/vibration: 1.62
2025-06-13T15:57:36.0681385Z - machine2/pressure: 72.94
2025-06-13T15:57:36.0689917Z - machine2/humidity: 30.27
2025-06-13T15:57:36.0697300Z - machine2/rpm: 1603
2025-06-13T15:57:36.0701668Z - machine2/status: OK
2025-06-13T15:57:46.0929898Z - machine2/temperature: 27.17
2025-06-13T15:57:46.0939750Z - machine2/vibration: 3.25
2025-06-13T15:57:46.0963634Z - machine2/pressure: 102.17
2025-06-13T15:57:46.0990086Z - machine2/humidity: 21.98
2025-06-13T15:57:46.1005073Z - machine2/rpm: 1956
2025-06-13T15:57:46.1017235Z - machine2/status: OK
2025-06-13T15:57:56.0996624Z - machine2/temperature: 85.94
2025-06-13T15:57:56.0998481Z - machine2/vibration: 1.07
2025-06-13T15:57:56.1002266Z - machine2/pressure: 43.35
2025-06-13T15:57:56.1011245Z - machine2/humidity: 25.68
2025-06-13T15:57:56.1014093Z - machine2/rpm: 1313
2025-06-13T15:57:56.1015885Z - machine2/status: OK
2025-06-13T15:58:06.1043892Z - machine2/temperature: 70.35
2025-06-13T15:58:06.1045048Z - machine2/vibration: 4.07
2025-06-13T15:58:06.1046028Z - machine2/pressure: 110.90
2025-06-13T15:58:06.1046940Z - machine2/humidity: 55.14
2025-06-13T15:58:06.1047784Z - machine2/rpm: 2018
2025-06-13T15:58:06.1049360Z - machine2/status: OK
2025-06-13T15:58:16.1121928Z - machine2/temperature: 69.23
2025-06-13T15:58:16.1125884Z - machine2/vibration: 1.74
2025-06-13T15:58:16.1127501Z - machine2/pressure: 111.38
2025-06-13T15:58:16.1128855Z - machine2/humidity: 32.20
2025-06-13T15:58:16.1134492Z - machine2/rpm: 1657
2025-06-13T15:58:16.1143202Z - machine2/status: OK
2025-06-13T15:58:26.1390093Z - machine2/temperature: 98.70
2025-06-13T15:58:26.1411451Z - machine2/vibration: 0.60
2025-06-13T15:58:26.1425215Z - machine2/pressure: 78.80
2025-06-13T15:58:26.1431355Z - machine2/humidity: 53.73
2025-06-13T15:58:26.1438281Z - machine2/rpm: 2728
2025-06-13T15:58:26.1445172Z - machine2/status: OK
2025-06-13T15:58:36.1532852Z - machine2/temperature: 22.57
2025-06-13T15:58:36.1535227Z - machine2/vibration: 0.16
2025-06-13T15:58:36.1537232Z - machine2/pressure: 119.68
2025-06-13T15:58:36.1545632Z - machine2/humidity: 46.03
2025-06-13T15:58:36.1549331Z - machine2/rpm: 526
2025-06-13T15:58:36.1551895Z - machine2/status: OK
2025-06-13T15:58:46.1588530Z - machine2/temperature: 30.35
2025-06-13T15:58:46.1590837Z - machine2/vibration: 2.24
2025-06-13T15:58:46.1595212Z - machine2/pressure: 89.08
2025-06-13T15:58:46.1597566Z - machine2/humidity: 72.52
2025-06-13T15:58:46.1599569Z - machine2/rpm: 2928
2025-06-13T15:58:46.1601959Z - machine2/status: WARN
2025-06-13T15:58:56.1804369Z - machine2/temperature: 57.04
2025-06-13T15:58:56.1817860Z - machine2/vibration: 1.07
2025-06-13T15:58:56.1824114Z - machine2/pressure: 77.57
2025-06-13T15:58:56.1836839Z - machine2/humidity: 71.89
2025-06-13T15:58:56.1846868Z - machine2/rpm: 2317
2025-06-13T15:58:56.1855804Z - machine2/status: OK
2025-06-13T15:59:06.1932339Z - machine2/temperature: 32.39
2025-06-13T15:59:06.1935939Z - machine2/vibration: 4.01
2025-06-13T15:59:06.1940331Z - machine2/pressure: 95.51
2025-06-13T15:59:06.1947429Z - machine2/humidity: 56.94
2025-06-13T15:59:06.1968182Z - machine2/rpm: 1550
2025-06-13T15:59:06.1975405Z - machine2/status: OK
2025-06-13T15:59:16.1997757Z - machine2/temperature: 37.42
2025-06-13T15:59:16.2032886Z - machine2/vibration: 3.20
2025-06-13T15:59:16.2056497Z - machine2/pressure: 111.99
2025-06-13T15:59:16.2081014Z - machine2/humidity: 59.46
2025-06-13T15:59:16.2091447Z - machine2/rpm: 2022
2025-06-13T15:59:16.2106208Z - machine2/status: OK
2025-06-13T15:59:26.2103067Z - machine2/temperature: 58.84
2025-06-13T15:59:26.2105093Z - machine2/vibration: 4.92
2025-06-13T15:59:26.2106241Z - machine2/pressure: 119.98
2025-06-13T15:59:26.2107635Z - machine2/humidity: 23.18
2025-06-13T15:59:26.2108845Z - machine2/rpm: 1127
2025-06-13T15:59:26.2110209Z - machine2/status: OK
2025-06-13T15:59:36.2418081Z - machine2/temperature: 37.17
2025-06-13T15:59:36.2431859Z - machine2/vibration: 2.41
2025-06-13T15:59:36.2444361Z - machine2/pressure: 101.45
2025-06-13T15:59:36.2453697Z - machine2/humidity: 73.14
2025-06-13T15:59:36.2465504Z - machine2/rpm: 2567
2025-06-13T15:59:36.2484949Z - machine2/status: ERROR
2025-06-13T15:59:46.2437296Z - machine2/temperature: 71.94
2025-06-13T15:59:46.2440061Z - machine2/vibration: 2.54
2025-06-13T15:59:46.2445290Z - machine2/pressure: 115.01
2025-06-13T15:59:46.2452717Z - machine2/humidity: 71.93
2025-06-13T15:59:46.2462102Z - machine2/rpm: 952
2025-06-13T15:59:46.2468668Z - machine2/status: OK
2025-06-13T15:59:56.2604936Z - machine2/temperature: 73.78
2025-06-13T15:59:56.2611553Z - machine2/vibration: 2.81
2025-06-13T15:59:56.2615610Z - machine2/pressure: 78.68
2025-06-13T15:59:56.2619189Z - machine2/humidity: 32.05
2025-06-13T15:59:56.2622927Z - machine2/rpm: 1137
2025-06-13T15:59:56.2625738Z - machine2/status: OK
